#
# A fatal error has been detected by the Java Runtime Environment:
#
#  SIGSEGV (0xb) at pc=0x00007f1706d9c8c8, pid=11787, tid=0x00007f1710bfc700
#
# JRE version: OpenJDK Runtime Environment (8.0_222-b10) (build 1.8.0_222-8u222-b10-1ubuntu1~16.04.1-b10)
# Java VM: OpenJDK 64-Bit Server VM (25.222-b10 mixed mode linux-amd64 compressed oops)
# Problematic frame:
# C  [libtesseract.so+0x20f8c8]  WERD::restricted_bounding_box(bool, bool) const+0x58
#
# Failed to write core dump. Core dumps have been disabled. To enable core dumping, try "ulimit -c unlimited" before starting Java again
#
# If you would like to submit a bug report, please visit:
#   http://bugreport.java.com/bugreport/crash.jsp
# The crash happened outside the Java Virtual Machine in native code.
# See problematic frame for where to report the bug.
#

---------------  T H R E A D  ---------------

Current thread (0x00007f1718f7c000):  JavaThread "http-nio-8080-exec-2" daemon [_thread_in_native, id=11819, stack(0x00007f1710afc000,0x00007f1710bfd000)]

siginfo: si_signo: 11 (SIGSEGV), si_code: 1 (SEGV_MAPERR), si_addr: 0x000000320000000d

Registers:
RAX=0x00007f172cd05be8, RBX=0x00007f172cd05bc0, RCX=0x0000000000000000, RDX=0x000000320000000d
RSP=0x00007f1710bf7ce0, RBP=0x0000000000000001, RSI=0x00007f172cd05bc0, RDI=0x00007f1710bf7e50
R8 =0x00000000ffff8001, R9 =0x0000000000000000, R10=0x0000000000000318, R11=0x00007f172cd17690
R12=0x00007f1710bf7e60, R13=0x00007f1710bf7e50, R14=0x0000000000000001, R15=0x0000000000008001
RIP=0x00007f1706d9c8c8, EFLAGS=0x0000000000010202, CSGSFS=0x0000000000000033, ERR=0x0000000000000004
  TRAPNO=0x000000000000000e

Top of Stack: (sp=0x00007f1710bf7ce0)
0x00007f1710bf7ce0:   0000000000000002 7fff003200000009
0x00007f1710bf7cf0:   0000000000000000 0000000000000000
0x00007f1710bf7d00:   00007f172cd05be8 000000320000000d
0x00007f1710bf7d10:   0000000000000000 0000007c00000077
0x00007f1710bf7d20:   0000000000000001 0000003100000004
0x00007f1710bf7d30:   0000000000000000 40f438e96be49e00
0x00007f1710bf7d40:   0000000000000010 00007f1710bf7e50
0x00007f1710bf7d50:   00007f1710bf7e40 00007f1710bf7e60
0x00007f1710bf7d60:   00007f1710bf7e50 00007f1710bf7e00
0x00007f1710bf7d70:   00007f172cd106a0 00007f1706d9c9f7
0x00007f1710bf7d80:   0000000000000010 40f438e96be49e00
0x00007f1710bf7d90:   00007f172c03d940 00007f1706d6fd1d
0x00007f1710bf7da0:   00007f1710bf7e30 00007f172ccf9f60
0x00007f1710bf7db0:   00007f172cd173f0 00007f1706d7c357
0x00007f1710bf7dc0:   00007f1710bf7e10 00007f1710bf7e30
0x00007f1710bf7dd0:   00007f172ccfab80 0000000000000000
0x00007f1710bf7de0:   0000000000000000 00007f172cd05bc0
0x00007f1710bf7df0:   00007f172cd05be0 00007f1710bf7e20
0x00007f1710bf7e00:   00007f1710bf7e60 00007f172ccfab80
0x00007f1710bf7e10:   0000001000000000 0000000000000080
0x00007f1710bf7e20:   00010001ffffffff 00007f172cd42610
0x00007f1710bf7e30:   800180017fff7fff 00007f172cd49450
0x00007f1710bf7e40:   00007f1700000000 00007f172cd49450
0x00007f1710bf7e50:   800180017fff7fff 40f438e96be49e00
0x00007f1710bf7e60:   00007f172cd05be0 0000000000000000
0x00007f1710bf7e70:   0000000000000000 0000000000000000
0x00007f1710bf7e80:   00007f1710bf0100 0000000000000000
0x00007f1710bf7e90:   0000000000000000 40f438e96be49e00
0x00007f1710bf7ea0:   0000000000000001 00007f170d1abf90
0x00007f1710bf7eb0:   00007f172cd106a0 0000000000000001
0x00007f1710bf7ec0:   0000000000000001 00007f172ccff5c0
0x00007f1710bf7ed0:   00007f172cd106a0 00007f1706c6d5ad 

Instructions: (pc=0x00007f1706d9c8c8)
0x00007f1706d9c8a8:   0f b7 7d 06 48 85 d2 48 89 54 24 28 66 89 44 24
0x00007f1706d9c8b8:   0e 48 8d 43 28 48 89 44 24 20 0f 84 c0 00 00 00
0x00007f1706d9c8c8:   48 8b 02 48 85 c0 48 89 44 24 30 0f 84 b8 00 00
0x00007f1706d9c8d8:   00 48 8b 10 c6 44 24 50 00 c6 44 24 40 00 c6 44 

Register to memory mapping:

RAX=0x00007f172cd05be8 is an unknown value
RBX=0x00007f172cd05bc0 is an unknown value
RCX=0x0000000000000000 is an unknown value
RDX=0x000000320000000d is an unknown value
RSP=0x00007f1710bf7ce0 is pointing into the stack for thread: 0x00007f1718f7c000
RBP=0x0000000000000001 is an unknown value
RSI=0x00007f172cd05bc0 is an unknown value
RDI=0x00007f1710bf7e50 is pointing into the stack for thread: 0x00007f1718f7c000
R8 =0x00000000ffff8001 is an unallocated location in the heap
R9 =0x0000000000000000 is an unknown value
R10=0x0000000000000318 is an unknown value
R11=0x00007f172cd17690 is an unknown value
R12=0x00007f1710bf7e60 is pointing into the stack for thread: 0x00007f1718f7c000
R13=0x00007f1710bf7e50 is pointing into the stack for thread: 0x00007f1718f7c000
R14=0x0000000000000001 is an unknown value
R15=0x0000000000008001 is an unknown value


Stack: [0x00007f1710afc000,0x00007f1710bfd000],  sp=0x00007f1710bf7ce0,  free space=1007k
Native frames: (J=compiled Java code, j=interpreted, Vv=VM code, C=native code)
C  [libtesseract.so+0x20f8c8]  WERD::restricted_bounding_box(bool, bool) const+0x58

Java frames: (J=compiled Java code, j=interpreted, Vv=VM code)
j  com.sun.jna.Native.invokePointer(Lcom/sun/jna/Function;JI[Ljava/lang/Object;)J+0
j  com.sun.jna.Function.invokePointer(I[Ljava/lang/Object;)Lcom/sun/jna/Pointer;+7
j  com.sun.jna.Function.invoke([Ljava/lang/Object;Ljava/lang/Class;ZI)Ljava/lang/Object;+385
j  com.sun.jna.Function.invoke(Ljava/lang/reflect/Method;[Ljava/lang/Class;Ljava/lang/Class;[Ljava/lang/Object;Ljava/util/Map;)Ljava/lang/Object;+271
j  com.sun.jna.Library$Handler.invoke(Ljava/lang/Object;Ljava/lang/reflect/Method;[Ljava/lang/Object;)Ljava/lang/Object;+344
j  com.sun.proxy.$Proxy112.TessBaseAPIGetUTF8Text(Lnet/sourceforge/tess4j/ITessAPI$TessBaseAPI;)Lcom/sun/jna/Pointer;+16
j  net.sourceforge.tess4j.Tesseract.getOCRText(Ljava/lang/String;I)Ljava/lang/String;+62
j  net.sourceforge.tess4j.Tesseract.doOCR(Ljava/util/List;Ljava/lang/String;Ljava/awt/Rectangle;)Ljava/lang/String;+69
j  net.sourceforge.tess4j.Tesseract.doOCR(Ljava/io/File;Ljava/awt/Rectangle;)Ljava/lang/String;+10
j  net.sourceforge.tess4j.Tesseract.doOCR(Ljava/io/File;)Ljava/lang/String;+3
j  org.coursecollector.esi.service.OcrService.multipartFileToString(Lorg/springframework/web/multipart/MultipartFile;)Ljava/lang/String;+11
j  org.coursecollector.esi.MainController.multiFileUpload(Lorg/springframework/ui/Model;Lorg/coursecollector/esi/model/Course;)Ljava/lang/String;+308
j  org.coursecollector.esi.MainController.publishSuccess(Lorg/springframework/ui/Model;Lorg/coursecollector/esi/model/Course;)Ljava/lang/String;+22
v  ~StubRoutines::call_stub
J 1572  sun.reflect.NativeMethodAccessorImpl.invoke0(Ljava/lang/reflect/Method;Ljava/lang/Object;[Ljava/lang/Object;)Ljava/lang/Object; (0 bytes) @ 0x00007f1749388537 [0x00007f17493884c0+0x77]
J 1571 C1 sun.reflect.NativeMethodAccessorImpl.invoke(Ljava/lang/Object;[Ljava/lang/Object;)Ljava/lang/Object; (104 bytes) @ 0x00007f174938fe14 [0x00007f174938faa0+0x374]
J 1463 C1 sun.reflect.DelegatingMethodAccessorImpl.invoke(Ljava/lang/Object;[Ljava/lang/Object;)Ljava/lang/Object; (10 bytes) @ 0x00007f174934e8c4 [0x00007f174934e880+0x44]
J 1462 C1 java.lang.reflect.Method.invoke(Ljava/lang/Object;[Ljava/lang/Object;)Ljava/lang/Object; (62 bytes) @ 0x00007f174934e4d4 [0x00007f174934e3e0+0xf4]
j  org.springframework.web.method.support.InvocableHandlerMethod.doInvoke([Ljava/lang/Object;)Ljava/lang/Object;+16
j  org.springframework.web.method.support.InvocableHandlerMethod.invokeForRequest(Lorg/springframework/web/context/request/NativeWebRequest;Lorg/springframework/web/method/support/ModelAndViewContainer;[Ljava/lang/Object;)Ljava/lang/Object;+56
j  org.springframework.web.servlet.mvc.method.annotation.ServletInvocableHandlerMethod.invokeAndHandle(Lorg/springframework/web/context/request/ServletWebRequest;Lorg/springframework/web/method/support/ModelAndViewContainer;[Ljava/lang/Object;)V+4
j  org.springframework.web.servlet.mvc.method.annotation.RequestMappingHandlerAdapter.invokeHandlerMethod(Ljavax/servlet/http/HttpServletRequest;Ljavax/servlet/http/HttpServletResponse;Lorg/springframework/web/method/HandlerMethod;)Lorg/springframework/web/servlet/ModelAndView;+244
j  org.springframework.web.servlet.mvc.method.annotation.RequestMappingHandlerAdapter.handleInternal(Ljavax/servlet/http/HttpServletRequest;Ljavax/servlet/http/HttpServletResponse;Lorg/springframework/web/method/HandlerMethod;)Lorg/springframework/web/servlet/ModelAndView;+81
j  org.springframework.web.servlet.mvc.method.AbstractHandlerMethodAdapter.handle(Ljavax/servlet/http/HttpServletRequest;Ljavax/servlet/http/HttpServletResponse;Ljava/lang/Object;)Lorg/springframework/web/servlet/ModelAndView;+7
j  org.springframework.web.servlet.DispatcherServlet.doDispatch(Ljavax/servlet/http/HttpServletRequest;Ljavax/servlet/http/HttpServletResponse;)V+257
j  org.springframework.web.servlet.DispatcherServlet.doService(Ljavax/servlet/http/HttpServletRequest;Ljavax/servlet/http/HttpServletResponse;)V+212
j  org.springframework.web.servlet.FrameworkServlet.processRequest(Ljavax/servlet/http/HttpServletRequest;Ljavax/servlet/http/HttpServletResponse;)V+71
j  org.springframework.web.servlet.FrameworkServlet.doPost(Ljavax/servlet/http/HttpServletRequest;Ljavax/servlet/http/HttpServletResponse;)V+3
j  javax.servlet.http.HttpServlet.service(Ljavax/servlet/http/HttpServletRequest;Ljavax/servlet/http/HttpServletResponse;)V+149
j  org.springframework.web.servlet.FrameworkServlet.service(Ljavax/servlet/http/HttpServletRequest;Ljavax/servlet/http/HttpServletResponse;)V+33
j  javax.servlet.http.HttpServlet.service(Ljavax/servlet/ServletRequest;Ljavax/servlet/ServletResponse;)V+36
j  org.apache.catalina.core.ApplicationFilterChain.internalDoFilter(Ljavax/servlet/ServletRequest;Ljavax/servlet/ServletResponse;)V+304
j  org.apache.catalina.core.ApplicationFilterChain.doFilter(Ljavax/servlet/ServletRequest;Ljavax/servlet/ServletResponse;)V+101
j  org.apache.tomcat.websocket.server.WsFilter.doFilter(Ljavax/servlet/ServletRequest;Ljavax/servlet/ServletResponse;Ljavax/servlet/FilterChain;)V+21
j  org.apache.catalina.core.ApplicationFilterChain.internalDoFilter(Ljavax/servlet/ServletRequest;Ljavax/servlet/ServletResponse;)V+135
j  org.apache.catalina.core.ApplicationFilterChain.doFilter(Ljavax/servlet/ServletRequest;Ljavax/servlet/ServletResponse;)V+101
j  org.springframework.web.filter.RequestContextFilter.doFilterInternal(Ljavax/servlet/http/HttpServletRequest;Ljavax/servlet/http/HttpServletResponse;Ljavax/servlet/FilterChain;)V+21
j  org.springframework.web.filter.OncePerRequestFilter.doFilter(Ljavax/servlet/ServletRequest;Ljavax/servlet/ServletResponse;Ljavax/servlet/FilterChain;)V+147
j  org.apache.catalina.core.ApplicationFilterChain.internalDoFilter(Ljavax/servlet/ServletRequest;Ljavax/servlet/ServletResponse;)V+135
j  org.apache.catalina.core.ApplicationFilterChain.doFilter(Ljavax/servlet/ServletRequest;Ljavax/servlet/ServletResponse;)V+101
j  org.springframework.web.filter.FormContentFilter.doFilterInternal(Ljavax/servlet/http/HttpServletRequest;Ljavax/servlet/http/HttpServletResponse;Ljavax/servlet/FilterChain;)V+38
j  org.springframework.web.filter.OncePerRequestFilter.doFilter(Ljavax/servlet/ServletRequest;Ljavax/servlet/ServletResponse;Ljavax/servlet/FilterChain;)V+147
j  org.apache.catalina.core.ApplicationFilterChain.internalDoFilter(Ljavax/servlet/ServletRequest;Ljavax/servlet/ServletResponse;)V+135
j  org.apache.catalina.core.ApplicationFilterChain.doFilter(Ljavax/servlet/ServletRequest;Ljavax/servlet/ServletResponse;)V+101
j  org.springframework.web.filter.HiddenHttpMethodFilter.doFilterInternal(Ljavax/servlet/http/HttpServletRequest;Ljavax/servlet/http/HttpServletResponse;Ljavax/servlet/FilterChain;)V+87
j  org.springframework.web.filter.OncePerRequestFilter.doFilter(Ljavax/servlet/ServletRequest;Ljavax/servlet/ServletResponse;Ljavax/servlet/FilterChain;)V+147
j  org.apache.catalina.core.ApplicationFilterChain.internalDoFilter(Ljavax/servlet/ServletRequest;Ljavax/servlet/ServletResponse;)V+135
j  org.apache.catalina.core.ApplicationFilterChain.doFilter(Ljavax/servlet/ServletRequest;Ljavax/servlet/ServletResponse;)V+101
j  org.springframework.web.filter.CharacterEncodingFilter.doFilterInternal(Ljavax/servlet/http/HttpServletRequest;Ljavax/servlet/http/HttpServletResponse;Ljavax/servlet/FilterChain;)V+53
j  org.springframework.web.filter.OncePerRequestFilter.doFilter(Ljavax/servlet/ServletRequest;Ljavax/servlet/ServletResponse;Ljavax/servlet/FilterChain;)V+147
j  org.apache.catalina.core.ApplicationFilterChain.internalDoFilter(Ljavax/servlet/ServletRequest;Ljavax/servlet/ServletResponse;)V+135
j  org.apache.catalina.core.ApplicationFilterChain.doFilter(Ljavax/servlet/ServletRequest;Ljavax/servlet/ServletResponse;)V+101
j  org.apache.catalina.core.StandardWrapperValve.invoke(Lorg/apache/catalina/connector/Request;Lorg/apache/catalina/connector/Response;)V+694
j  org.apache.catalina.core.StandardContextValve.invoke(Lorg/apache/catalina/connector/Request;Lorg/apache/catalina/connector/Response;)V+166
j  org.apache.catalina.authenticator.AuthenticatorBase.invoke(Lorg/apache/catalina/connector/Request;Lorg/apache/catalina/connector/Response;)V+260
j  org.apache.catalina.core.StandardHostValve.invoke(Lorg/apache/catalina/connector/Request;Lorg/apache/catalina/connector/Response;)V+114
j  org.apache.catalina.valves.ErrorReportValve.invoke(Lorg/apache/catalina/connector/Request;Lorg/apache/catalina/connector/Response;)V+6
j  org.apache.catalina.core.StandardEngineValve.invoke(Lorg/apache/catalina/connector/Request;Lorg/apache/catalina/connector/Response;)V+45
j  org.apache.catalina.connector.CoyoteAdapter.service(Lorg/apache/coyote/Request;Lorg/apache/coyote/Response;)V+199
j  org.apache.coyote.http11.Http11Processor.service(Lorg/apache/tomcat/util/net/SocketWrapperBase;)Lorg/apache/tomcat/util/net/AbstractEndpoint$Handler$SocketState;+784
j  org.apache.coyote.AbstractProcessorLight.process(Lorg/apache/tomcat/util/net/SocketWrapperBase;Lorg/apache/tomcat/util/net/SocketEvent;)Lorg/apache/tomcat/util/net/AbstractEndpoint$Handler$SocketState;+113
j  org.apache.coyote.AbstractProtocol$ConnectionHandler.process(Lorg/apache/tomcat/util/net/SocketWrapperBase;Lorg/apache/tomcat/util/net/SocketEvent;)Lorg/apache/tomcat/util/net/AbstractEndpoint$Handler$SocketState;+442
j  org.apache.tomcat.util.net.NioEndpoint$SocketProcessor.doRun()V+221
j  org.apache.tomcat.util.net.SocketProcessorBase.run()V+21
j  java.util.concurrent.ThreadPoolExecutor.runWorker(Ljava/util/concurrent/ThreadPoolExecutor$Worker;)V+95
j  java.util.concurrent.ThreadPoolExecutor$Worker.run()V+5
j  org.apache.tomcat.util.threads.TaskThread$WrappingRunnable.run()V+4
j  java.lang.Thread.run()V+11
v  ~StubRoutines::call_stub

---------------  P R O C E S S  ---------------

Java Threads: ( => current thread )
  0x00007f170c392000 JavaThread "process reaper" daemon [_thread_blocked, id=11960, stack(0x00007f1740012000,0x00007f174004b000)]
  0x00007f170c355800 JavaThread "Java2D Disposer" daemon [_thread_blocked, id=11953, stack(0x00007f17432b1000,0x00007f17433b2000)]
  0x00007f175800f000 JavaThread "DestroyJavaVM" [_thread_blocked, id=11789, stack(0x00007f1762453000,0x00007f1762554000)]
  0x00007f1718fa0000 JavaThread "http-nio-8080-Acceptor" daemon [_thread_in_native, id=11829, stack(0x00007f17100f2000,0x00007f17101f3000)]
  0x00007f1718f9e000 JavaThread "http-nio-8080-ClientPoller" daemon [_thread_in_native, id=11828, stack(0x00007f17101f3000,0x00007f17102f4000)]
  0x00007f1718f9c000 JavaThread "http-nio-8080-exec-10" daemon [_thread_in_native, id=11827, stack(0x00007f17102f4000,0x00007f17103f5000)]
  0x00007f1718f9a800 JavaThread "http-nio-8080-exec-9" daemon [_thread_blocked, id=11826, stack(0x00007f17103f5000,0x00007f17104f6000)]
  0x00007f1718f98800 JavaThread "http-nio-8080-exec-8" daemon [_thread_blocked, id=11825, stack(0x00007f17104f6000,0x00007f17105f7000)]
  0x00007f1718efc000 JavaThread "http-nio-8080-exec-7" daemon [_thread_blocked, id=11824, stack(0x00007f17105f7000,0x00007f17106f8000)]
  0x00007f1718efa000 JavaThread "http-nio-8080-exec-6" daemon [_thread_blocked, id=11823, stack(0x00007f17106f8000,0x00007f17107f9000)]
  0x00007f1718ef8000 JavaThread "http-nio-8080-exec-5" daemon [_thread_blocked, id=11822, stack(0x00007f17107f9000,0x00007f17108fa000)]
  0x00007f1718ef6000 JavaThread "http-nio-8080-exec-4" daemon [_thread_blocked, id=11821, stack(0x00007f17108fa000,0x00007f17109fb000)]
  0x00007f1718ef4000 JavaThread "http-nio-8080-exec-3" daemon [_thread_blocked, id=11820, stack(0x00007f17109fb000,0x00007f1710afc000)]
=>0x00007f1718f7c000 JavaThread "http-nio-8080-exec-2" daemon [_thread_in_native, id=11819, stack(0x00007f1710afc000,0x00007f1710bfd000)]
  0x00007f1718f7b000 JavaThread "http-nio-8080-exec-1" daemon [_thread_blocked, id=11818, stack(0x00007f1710bfd000,0x00007f1710cfe000)]
  0x00007f1718f78000 JavaThread "http-nio-8080-BlockPoller" daemon [_thread_in_native, id=11817, stack(0x00007f1710cfe000,0x00007f1710dff000)]
  0x00007f1718fc5000 JavaThread "File Watcher" daemon [_thread_blocked, id=11816, stack(0x00007f174004b000,0x00007f174014c000)]
  0x00007f1718fcf000 JavaThread "Live Reload Server" daemon [_thread_in_native, id=11815, stack(0x00007f1740f71000,0x00007f1741072000)]
  0x00007f1718aad800 JavaThread "HikariPool-1 housekeeper" daemon [_thread_blocked, id=11812, stack(0x00007f1741072000,0x00007f1741173000)]
  0x00007f1718a31800 JavaThread "MVStore background writer nio:/home/nerd/Documents/tmp/coursecollector.mv.db" daemon [_thread_blocked, id=11811, stack(0x00007f1741373000,0x00007f1741474000)]
  0x00007f1718965000 JavaThread "container-0" [_thread_blocked, id=11809, stack(0x00007f1741674000,0x00007f1741775000)]
  0x00007f170c18c000 JavaThread "Catalina-utility-2" [_thread_blocked, id=11808, stack(0x00007f174217a000,0x00007f174227b000)]
  0x00007f1718963000 JavaThread "Catalina-utility-1" [_thread_blocked, id=11807, stack(0x00007f17430af000,0x00007f17431b0000)]
  0x00007f17580c8800 JavaThread "Service Thread" daemon [_thread_blocked, id=11798, stack(0x00007f174381e000,0x00007f174391f000)]
  0x00007f17580bc000 JavaThread "C1 CompilerThread1" daemon [_thread_blocked, id=11797, stack(0x00007f174391f000,0x00007f1743a20000)]
  0x00007f17580b9000 JavaThread "C2 CompilerThread0" daemon [_thread_blocked, id=11796, stack(0x00007f1743a20000,0x00007f1743b21000)]
  0x00007f17580b7800 JavaThread "Signal Dispatcher" daemon [_thread_blocked, id=11795, stack(0x00007f1743b21000,0x00007f1743c22000)]
  0x00007f1758084800 JavaThread "Finalizer" daemon [_thread_blocked, id=11794, stack(0x00007f1743eff000,0x00007f1744000000)]
  0x00007f1758082000 JavaThread "Reference Handler" daemon [_thread_blocked, id=11793, stack(0x00007f17480b7000,0x00007f17481b8000)]

Other Threads:
  0x00007f1758078800 VMThread [stack: 0x00007f17481b8000,0x00007f17482b9000] [id=11792]
  0x00007f17580cb000 WatcherThread [stack: 0x00007f174371d000,0x00007f174381e000] [id=11799]

VM state:not at safepoint (normal execution)

VM Mutex/Monitor currently owned by a thread: None

heap address: 0x00000000c4c00000, size: 948 MB, Compressed Oops mode: 32-bit
Narrow klass base: 0x0000000000000000, Narrow klass shift: 3
Compressed class space size: 1073741824 Address: 0x0000000100000000

Heap:
 PSYoungGen      total 187392K, used 18259K [0x00000000ec400000, 0x00000000fb700000, 0x0000000100000000)
  eden space 184320K, 8% used [0x00000000ec400000,0x00000000ed34b598,0x00000000f7800000)
  from space 3072K, 84% used [0x00000000fb400000,0x00000000fb689670,0x00000000fb700000)
  to   space 10752K, 0% used [0x00000000fa200000,0x00000000fa200000,0x00000000fac80000)
 ParOldGen       total 54272K, used 30233K [0x00000000c4c00000, 0x00000000c8100000, 0x00000000ec400000)
  object space 54272K, 55% used [0x00000000c4c00000,0x00000000c6986440,0x00000000c8100000)
 Metaspace       used 59037K, capacity 61914K, committed 62080K, reserved 1103872K
  class space    used 7973K, capacity 8491K, committed 8576K, reserved 1048576K

Card table byte_map: [0x00007f175e925000,0x00007f175eb00000] byte_map_base: 0x00007f175e2ff000

Marking Bits: (ParMarkBitMap*) 0x00007f1761721540
 Begin Bits: [0x00007f175c847000, 0x00007f175d717000)
 End Bits:   [0x00007f175d717000, 0x00007f175e5e7000)

Polling page: 0x00007f1762574000

CodeCache: size=245760Kb used=11620Kb max_used=11620Kb free=234139Kb
 bounds [0x00007f1749000000, 0x00007f1749b60000, 0x00007f1758000000]
 total_blobs=7126 nmethods=6499 adapters=541
 compilation: enabled

Compilation events (10 events):
Event: 530,127 Thread 0x00007f17580bc000 6611       1       java.awt.image.Raster::getSampleModelTranslateX (5 bytes)
Event: 530,127 Thread 0x00007f17580bc000 nmethod 6611 0x00007f1749b5a550 code [0x00007f1749b5a6a0, 0x00007f1749b5a7b0]
Event: 530,127 Thread 0x00007f17580bc000 6612       1       java.awt.image.Raster::getSampleModelTranslateY (5 bytes)
Event: 530,127 Thread 0x00007f17580bc000 nmethod 6612 0x00007f1749b5a810 code [0x00007f1749b5a960, 0x00007f1749b5aa70]
Event: 530,127 Thread 0x00007f17580bc000 6616       1       javax.imageio.spi.DigraphNode::getData (5 bytes)
Event: 530,127 Thread 0x00007f17580bc000 nmethod 6616 0x00007f1749b5aad0 code [0x00007f1749b5ac20, 0x00007f1749b5ad30]
Event: 530,127 Thread 0x00007f17580bc000 6617       1       com.github.jaiimageio.plugins.tiff.TIFFField::getTagNumber (5 bytes)
Event: 530,127 Thread 0x00007f17580bc000 nmethod 6617 0x00007f1749b5ad90 code [0x00007f1749b5aee0, 0x00007f1749b5aff0]
Event: 530,133 Thread 0x00007f17580bc000 6630       1       java.awt.image.ComponentSampleModel::getSampleSize (8 bytes)
Event: 530,133 Thread 0x00007f17580bc000 nmethod 6630 0x00007f1749b5b050 code [0x00007f1749b5b1c0, 0x00007f1749b5b2e8]

GC Heap History (10 events):
Event: 428,865 GC heap before
{Heap before GC invocations=27 (full 3):
 PSYoungGen      total 241152K, used 231936K [0x00000000ec400000, 0x00000000fd800000, 0x0000000100000000)
  eden space 231936K, 100% used [0x00000000ec400000,0x00000000fa680000,0x00000000fa680000)
  from space 9216K, 0% used [0x00000000fc180000,0x00000000fc180000,0x00000000fca80000)
  to   space 13824K, 0% used [0x00000000fca80000,0x00000000fca80000,0x00000000fd800000)
 ParOldGen       total 54272K, used 30201K [0x00000000c4c00000, 0x00000000c8100000, 0x00000000ec400000)
  object space 54272K, 55% used [0x00000000c4c00000,0x00000000c697e440,0x00000000c8100000)
 Metaspace       used 56355K, capacity 59158K, committed 59392K, reserved 1099776K
  class space    used 7593K, capacity 8081K, committed 8192K, reserved 1048576K
Event: 428,869 GC heap after
Heap after GC invocations=27 (full 3):
 PSYoungGen      total 222208K, used 320K [0x00000000ec400000, 0x00000000fcb00000, 0x0000000100000000)
  eden space 221696K, 0% used [0x00000000ec400000,0x00000000ec400000,0x00000000f9c80000)
  from space 512K, 62% used [0x00000000fca80000,0x00000000fcad0000,0x00000000fcb00000)
  to   space 13312K, 0% used [0x00000000fb100000,0x00000000fb100000,0x00000000fbe00000)
 ParOldGen       total 54272K, used 30209K [0x00000000c4c00000, 0x00000000c8100000, 0x00000000ec400000)
  object space 54272K, 55% used [0x00000000c4c00000,0x00000000c6980440,0x00000000c8100000)
 Metaspace       used 56355K, capacity 59158K, committed 59392K, reserved 1099776K
  class space    used 7593K, capacity 8081K, committed 8192K, reserved 1048576K
}
Event: 455,457 GC heap before
{Heap before GC invocations=28 (full 3):
 PSYoungGen      total 222208K, used 222016K [0x00000000ec400000, 0x00000000fcb00000, 0x0000000100000000)
  eden space 221696K, 100% used [0x00000000ec400000,0x00000000f9c80000,0x00000000f9c80000)
  from space 512K, 62% used [0x00000000fca80000,0x00000000fcad0000,0x00000000fcb00000)
  to   space 13312K, 0% used [0x00000000fb100000,0x00000000fb100000,0x00000000fbe00000)
 ParOldGen       total 54272K, used 30209K [0x00000000c4c00000, 0x00000000c8100000, 0x00000000ec400000)
  object space 54272K, 55% used [0x00000000c4c00000,0x00000000c6980440,0x00000000c8100000)
 Metaspace       used 56499K, capacity 59344K, committed 59648K, reserved 1101824K
  class space    used 7623K, capacity 8118K, committed 8192K, reserved 1048576K
Event: 455,460 GC heap after
Heap after GC invocations=28 (full 3):
 PSYoungGen      total 225280K, used 1139K [0x00000000ec400000, 0x00000000fcb00000, 0x0000000100000000)
  eden space 211968K, 0% used [0x00000000ec400000,0x00000000ec400000,0x00000000f9300000)
  from space 13312K, 8% used [0x00000000fb100000,0x00000000fb21ceb0,0x00000000fbe00000)
  to   space 12800K, 0% used [0x00000000fbe80000,0x00000000fbe80000,0x00000000fcb00000)
 ParOldGen       total 54272K, used 30217K [0x00000000c4c00000, 0x00000000c8100000, 0x00000000ec400000)
  object space 54272K, 55% used [0x00000000c4c00000,0x00000000c6982440,0x00000000c8100000)
 Metaspace       used 56499K, capacity 59344K, committed 59648K, reserved 1101824K
  class space    used 7623K, capacity 8118K, committed 8192K, reserved 1048576K
}
Event: 482,986 GC heap before
{Heap before GC invocations=29 (full 3):
 PSYoungGen      total 225280K, used 213107K [0x00000000ec400000, 0x00000000fcb00000, 0x0000000100000000)
  eden space 211968K, 100% used [0x00000000ec400000,0x00000000f9300000,0x00000000f9300000)
  from space 13312K, 8% used [0x00000000fb100000,0x00000000fb21ceb0,0x00000000fbe00000)
  to   space 12800K, 0% used [0x00000000fbe80000,0x00000000fbe80000,0x00000000fcb00000)
 ParOldGen       total 54272K, used 30217K [0x00000000c4c00000, 0x00000000c8100000, 0x00000000ec400000)
  object space 54272K, 55% used [0x00000000c4c00000,0x00000000c6982440,0x00000000c8100000)
 Metaspace       used 56499K, capacity 59344K, committed 59648K, reserved 1101824K
  class space    used 7623K, capacity 8118K, committed 8192K, reserved 1048576K
Event: 482,990 GC heap after
Heap after GC invocations=29 (full 3):
 PSYoungGen      total 203264K, used 640K [0x00000000ec400000, 0x00000000fbf80000, 0x0000000100000000)
  eden space 202240K, 0% used [0x00000000ec400000,0x00000000ec400000,0x00000000f8980000)
  from space 1024K, 62% used [0x00000000fbe80000,0x00000000fbf20000,0x00000000fbf80000)
  to   space 11776K, 0% used [0x00000000fa880000,0x00000000fa880000,0x00000000fb400000)
 ParOldGen       total 54272K, used 30217K [0x00000000c4c00000, 0x00000000c8100000, 0x00000000ec400000)
  object space 54272K, 55% used [0x00000000c4c00000,0x00000000c6982440,0x00000000c8100000)
 Metaspace       used 56499K, capacity 59344K, committed 59648K, reserved 1101824K
  class space    used 7623K, capacity 8118K, committed 8192K, reserved 1048576K
}
Event: 507,777 GC heap before
{Heap before GC invocations=30 (full 3):
 PSYoungGen      total 203264K, used 202880K [0x00000000ec400000, 0x00000000fbf80000, 0x0000000100000000)
  eden space 202240K, 100% used [0x00000000ec400000,0x00000000f8980000,0x00000000f8980000)
  from space 1024K, 62% used [0x00000000fbe80000,0x00000000fbf20000,0x00000000fbf80000)
  to   space 11776K, 0% used [0x00000000fa880000,0x00000000fa880000,0x00000000fb400000)
 ParOldGen       total 54272K, used 30217K [0x00000000c4c00000, 0x00000000c8100000, 0x00000000ec400000)
  object space 54272K, 55% used [0x00000000c4c00000,0x00000000c6982440,0x00000000c8100000)
 Metaspace       used 57139K, capacity 60036K, committed 60160K, reserved 1101824K
  class space    used 7707K, capacity 8192K, committed 8192K, reserved 1048576K
Event: 507,781 GC heap after
Heap after GC invocations=30 (full 3):
 PSYoungGen      total 204800K, used 1376K [0x00000000ec400000, 0x00000000fbf00000, 0x0000000100000000)
  eden space 193024K, 0% used [0x00000000ec400000,0x00000000ec400000,0x00000000f8080000)
  from space 11776K, 11% used [0x00000000fa880000,0x00000000fa9d8000,0x00000000fb400000)
  to   space 11264K, 0% used [0x00000000fb400000,0x00000000fb400000,0x00000000fbf00000)
 ParOldGen       total 54272K, used 30225K [0x00000000c4c00000, 0x00000000c8100000, 0x00000000ec400000)
  object space 54272K, 55% used [0x00000000c4c00000,0x00000000c6984440,0x00000000c8100000)
 Metaspace       used 57139K, capacity 60036K, committed 60160K, reserved 1101824K
  class space    used 7707K, capacity 8192K, committed 8192K, reserved 1048576K
}
Event: 529,607 GC heap before
{Heap before GC invocations=31 (full 3):
 PSYoungGen      total 204800K, used 194400K [0x00000000ec400000, 0x00000000fbf00000, 0x0000000100000000)
  eden space 193024K, 100% used [0x00000000ec400000,0x00000000f8080000,0x00000000f8080000)
  from space 11776K, 11% used [0x00000000fa880000,0x00000000fa9d8000,0x00000000fb400000)
  to   space 11264K, 0% used [0x00000000fb400000,0x00000000fb400000,0x00000000fbf00000)
 ParOldGen       total 54272K, used 30225K [0x00000000c4c00000, 0x00000000c8100000, 0x00000000ec400000)
  object space 54272K, 55% used [0x00000000c4c00000,0x00000000c6984440,0x00000000c8100000)
 Metaspace       used 59011K, capacity 61902K, committed 62080K, reserved 1103872K
  class space    used 7971K, capacity 8489K, committed 8576K, reserved 1048576K
Event: 529,616 GC heap after
Heap after GC invocations=31 (full 3):
 PSYoungGen      total 187392K, used 2597K [0x00000000ec400000, 0x00000000fb700000, 0x0000000100000000)
  eden space 184320K, 0% used [0x00000000ec400000,0x00000000ec400000,0x00000000f7800000)
  from space 3072K, 84% used [0x00000000fb400000,0x00000000fb689670,0x00000000fb700000)
  to   space 10752K, 0% used [0x00000000fa200000,0x00000000fa200000,0x00000000fac80000)
 ParOldGen       total 54272K, used 30233K [0x00000000c4c00000, 0x00000000c8100000, 0x00000000ec400000)
  object space 54272K, 55% used [0x00000000c4c00000,0x00000000c6986440,0x00000000c8100000)
 Metaspace       used 59011K, capacity 61902K, committed 62080K, reserved 1103872K
  class space    used 7971K, capacity 8489K, committed 8576K, reserved 1048576K
}

Deoptimization events (0 events):
No events

Classes redefined (0 events):
No events

Internal exceptions (10 events):
Event: 390,035 Thread 0x00007f1718ef8000 Exception <a 'java/lang/ArrayIndexOutOfBoundsException'> (0x00000000f09ad3e0) thrown at [/build/openjdk-8-g3XteX/openjdk-8-8u222-b10/src/hotspot/src/share/vm/runtime/sharedRuntime.cpp, line 605]
Event: 390,042 Thread 0x00007f1718ef8000 Exception <a 'java/lang/ArrayIndexOutOfBoundsException'> (0x00000000f09df198) thrown at [/build/openjdk-8-g3XteX/openjdk-8-8u222-b10/src/hotspot/src/share/vm/runtime/sharedRuntime.cpp, line 605]
Event: 392,757 Thread 0x00007f1718efa000 Exception <a 'java/lang/ArrayIndexOutOfBoundsException'> (0x00000000f3d57e90) thrown at [/build/openjdk-8-g3XteX/openjdk-8-8u222-b10/src/hotspot/src/share/vm/runtime/sharedRuntime.cpp, line 605]
Event: 392,760 Thread 0x00007f1718efa000 Exception <a 'java/lang/ArrayIndexOutOfBoundsException'> (0x00000000f3d858f8) thrown at [/build/openjdk-8-g3XteX/openjdk-8-8u222-b10/src/hotspot/src/share/vm/runtime/sharedRuntime.cpp, line 605]
Event: 436,907 Thread 0x00007f1718ef4000 Exception <a 'java/lang/ArrayIndexOutOfBoundsException'> (0x00000000f07deea8) thrown at [/build/openjdk-8-g3XteX/openjdk-8-8u222-b10/src/hotspot/src/share/vm/runtime/sharedRuntime.cpp, line 605]
Event: 436,968 Thread 0x00007f1718ef4000 Exception <a 'java/lang/ArrayIndexOutOfBoundsException'> (0x00000000f08c5708) thrown at [/build/openjdk-8-g3XteX/openjdk-8-8u222-b10/src/hotspot/src/share/vm/runtime/sharedRuntime.cpp, line 605]
Event: 437,048 Thread 0x00007f1718ef4000 Exception <a 'java/lang/ArrayIndexOutOfBoundsException'> (0x00000000f0a330e0) thrown at [/build/openjdk-8-g3XteX/openjdk-8-8u222-b10/src/hotspot/src/share/vm/runtime/sharedRuntime.cpp, line 605]
Event: 504,434 Thread 0x00007f1718f9c000 Exception <a 'java/lang/ArrayIndexOutOfBoundsException'> (0x00000000f6887b30) thrown at [/build/openjdk-8-g3XteX/openjdk-8-8u222-b10/src/hotspot/src/share/vm/runtime/sharedRuntime.cpp, line 605]
Event: 507,223 Thread 0x00007f1718f9c000 Exception <a 'java/io/FileNotFoundException'> (0x00000000f8390b48) thrown at [/build/openjdk-8-g3XteX/openjdk-8-8u222-b10/src/hotspot/src/share/vm/prims/jni.cpp, line 710]
Event: 507,266 Thread 0x00007f1718f9c000 Exception <a 'java/io/FileNotFoundException'> (0x00000000f83919b8) thrown at [/build/openjdk-8-g3XteX/openjdk-8-8u222-b10/src/hotspot/src/share/vm/prims/jni.cpp, line 710]

Events (10 events):
Event: 530,094 Executing VM operation: RevokeBias done
Event: 530,099 Executing VM operation: RevokeBias
Event: 530,099 Executing VM operation: RevokeBias done
Event: 530,102 Executing VM operation: RevokeBias
Event: 530,103 Executing VM operation: RevokeBias done
Event: 530,103 Executing VM operation: BulkRevokeBias
Event: 530,103 Executing VM operation: BulkRevokeBias done
Event: 530,113 Executing VM operation: RevokeBias
Event: 530,113 Executing VM operation: RevokeBias done
Event: 530,124 Thread 0x00007f17580bc000 flushing nmethod 0x00007f17497f3c50


Dynamic libraries:
00400000-00401000 r-xp 00000000 08:05 9442581                            /usr/lib/jvm/java-8-openjdk-amd64/jre/bin/java
00600000-00601000 r--p 00000000 08:05 9442581                            /usr/lib/jvm/java-8-openjdk-amd64/jre/bin/java
00601000-00602000 rw-p 00001000 08:05 9442581                            /usr/lib/jvm/java-8-openjdk-amd64/jre/bin/java
00e39000-00e7b000 rw-p 00000000 00:00 0                                  [heap]
c4c00000-c8100000 rw-p 00000000 00:00 0 
c8100000-ec400000 ---p 00000000 00:00 0 
ec400000-fb700000 rw-p 00000000 00:00 0 
fb700000-100000000 ---p 00000000 00:00 0 
100000000-100860000 rw-p 00000000 00:00 0 
100860000-140000000 ---p 00000000 00:00 0 
7f1704079000-7f1704301000 rw-p 00000000 00:00 0 
7f1704301000-7f17044c1000 ---p 00000000 00:00 0 
7f17044c1000-7f1705790000 rw-p 00000000 00:00 0 
7f1705790000-7f170579b000 r-xp 00000000 08:05 8659685                    /usr/lib/x86_64-linux-gnu/libjbig.so.0
7f170579b000-7f170599a000 ---p 0000b000 08:05 8659685                    /usr/lib/x86_64-linux-gnu/libjbig.so.0
7f170599a000-7f170599b000 r--p 0000a000 08:05 8659685                    /usr/lib/x86_64-linux-gnu/libjbig.so.0
7f170599b000-7f170599e000 rw-p 0000b000 08:05 8659685                    /usr/lib/x86_64-linux-gnu/libjbig.so.0
7f170599e000-7f17059bf000 r-xp 00000000 08:05 1315340                    /lib/x86_64-linux-gnu/liblzma.so.5.0.0
7f17059bf000-7f1705bbe000 ---p 00021000 08:05 1315340                    /lib/x86_64-linux-gnu/liblzma.so.5.0.0
7f1705bbe000-7f1705bbf000 r--p 00020000 08:05 1315340                    /lib/x86_64-linux-gnu/liblzma.so.5.0.0
7f1705bbf000-7f1705bc0000 rw-p 00021000 08:05 1315340                    /lib/x86_64-linux-gnu/liblzma.so.5.0.0
7f1705bc0000-7f1705bfa000 r-xp 00000000 08:05 8662581                    /usr/lib/x86_64-linux-gnu/libopenjp2.so.2.1.2
7f1705bfa000-7f1705df9000 ---p 0003a000 08:05 8662581                    /usr/lib/x86_64-linux-gnu/libopenjp2.so.2.1.2
7f1705df9000-7f1705dfa000 r--p 00039000 08:05 8662581                    /usr/lib/x86_64-linux-gnu/libopenjp2.so.2.1.2
7f1705dfa000-7f1705dfb000 rw-p 0003a000 08:05 8662581                    /usr/lib/x86_64-linux-gnu/libopenjp2.so.2.1.2
7f1705dfb000-7f1705e54000 r-xp 00000000 08:05 8660237                    /usr/lib/x86_64-linux-gnu/libwebp.so.5.0.4
7f1705e54000-7f1706054000 ---p 00059000 08:05 8660237                    /usr/lib/x86_64-linux-gnu/libwebp.so.5.0.4
7f1706054000-7f1706055000 r--p 00059000 08:05 8660237                    /usr/lib/x86_64-linux-gnu/libwebp.so.5.0.4
7f1706055000-7f1706057000 rw-p 0005a000 08:05 8660237                    /usr/lib/x86_64-linux-gnu/libwebp.so.5.0.4
7f1706057000-7f17060c8000 r-xp 00000000 08:05 8662543                    /usr/lib/x86_64-linux-gnu/libtiff.so.5.2.4
7f17060c8000-7f17062c8000 ---p 00071000 08:05 8662543                    /usr/lib/x86_64-linux-gnu/libtiff.so.5.2.4
7f17062c8000-7f17062c9000 r--p 00071000 08:05 8662543                    /usr/lib/x86_64-linux-gnu/libtiff.so.5.2.4
7f17062c9000-7f17062cc000 rw-p 00072000 08:05 8662543                    /usr/lib/x86_64-linux-gnu/libtiff.so.5.2.4
7f17062cc000-7f1706323000 r-xp 00000000 08:05 8655105                    /usr/lib/x86_64-linux-gnu/libjpeg.so.8.0.2
7f1706323000-7f1706523000 ---p 00057000 08:05 8655105                    /usr/lib/x86_64-linux-gnu/libjpeg.so.8.0.2
7f1706523000-7f1706524000 r--p 00057000 08:05 8655105                    /usr/lib/x86_64-linux-gnu/libjpeg.so.8.0.2
7f1706524000-7f1706525000 rw-p 00058000 08:05 8655105                    /usr/lib/x86_64-linux-gnu/libjpeg.so.8.0.2
7f1706525000-7f1706549000 r-xp 00000000 08:05 1322622                    /lib/x86_64-linux-gnu/libpng12.so.0.54.0
7f1706549000-7f1706748000 ---p 00024000 08:05 1322622                    /lib/x86_64-linux-gnu/libpng12.so.0.54.0
7f1706748000-7f1706749000 r--p 00023000 08:05 1322622                    /lib/x86_64-linux-gnu/libpng12.so.0.54.0
7f1706749000-7f170674a000 rw-p 00024000 08:05 1322622                    /lib/x86_64-linux-gnu/libpng12.so.0.54.0
7f170674a000-7f1706987000 r-xp 00000000 08:05 8662589                    /usr/lib/liblept.so.5.0.0
7f1706987000-7f1706b86000 ---p 0023d000 08:05 8662589                    /usr/lib/liblept.so.5.0.0
7f1706b86000-7f1706b87000 r--p 0023c000 08:05 8662589                    /usr/lib/liblept.so.5.0.0
7f1706b87000-7f1706b8d000 rw-p 0023d000 08:05 8662589                    /usr/lib/liblept.so.5.0.0
7f1706b8d000-7f1706e76000 r-xp 00000000 08:05 8662595                    /usr/lib/libtesseract.so.3.0.4
7f1706e76000-7f1707076000 ---p 002e9000 08:05 8662595                    /usr/lib/libtesseract.so.3.0.4
7f1707076000-7f170707a000 r--p 002e9000 08:05 8662595                    /usr/lib/libtesseract.so.3.0.4
7f170707a000-7f170707b000 rw-p 002ed000 08:05 8662595                    /usr/lib/libtesseract.so.3.0.4
7f170707b000-7f170730f000 rw-p 00000000 00:00 0 
7f170730f000-7f1707327000 r-xp 00000000 08:05 919936                     /tmp/jna-3377705/jna8763500627457347337.tmp (deleted)
7f1707327000-7f1707527000 ---p 00018000 08:05 919936                     /tmp/jna-3377705/jna8763500627457347337.tmp (deleted)
7f1707527000-7f1707528000 rw-p 00018000 08:05 919936                     /tmp/jna-3377705/jna8763500627457347337.tmp (deleted)
7f1707528000-7f170752f000 r-xp 00000000 08:05 9442674                    /usr/lib/jvm/java-8-openjdk-amd64/jre/lib/amd64/libawt_headless.so
7f170752f000-7f170772e000 ---p 00007000 08:05 9442674                    /usr/lib/jvm/java-8-openjdk-amd64/jre/lib/amd64/libawt_headless.so
7f170772e000-7f170772f000 r--p 00006000 08:05 9442674                    /usr/lib/jvm/java-8-openjdk-amd64/jre/lib/amd64/libawt_headless.so
7f170772f000-7f1707730000 rw-p 00007000 08:05 9442674                    /usr/lib/jvm/java-8-openjdk-amd64/jre/lib/amd64/libawt_headless.so
7f1707730000-7f17077cf000 r-xp 00000000 08:05 9442680                    /usr/lib/jvm/java-8-openjdk-amd64/jre/lib/amd64/libawt.so
7f17077cf000-7f17079cf000 ---p 0009f000 08:05 9442680                    /usr/lib/jvm/java-8-openjdk-amd64/jre/lib/amd64/libawt.so
7f17079cf000-7f17079d0000 r--p 0009f000 08:05 9442680                    /usr/lib/jvm/java-8-openjdk-amd64/jre/lib/amd64/libawt.so
7f17079d0000-7f17079db000 rw-p 000a0000 08:05 9442680                    /usr/lib/jvm/java-8-openjdk-amd64/jre/lib/amd64/libawt.so
7f17079db000-7f1707c00000 rw-p 00000000 00:00 0 
7f1707c00000-7f1707e00000 rw-p 00000000 00:00 0 
7f1707e00000-7f1708000000 rw-p 00000000 00:00 0 
7f1708000000-7f170804d000 rw-p 00000000 00:00 0 
7f170804d000-7f170c000000 ---p 00000000 00:00 0 
7f170c000000-7f170d5d6000 rw-p 00000000 00:00 0 
7f170d5d6000-7f1710000000 ---p 00000000 00:00 0 
7f17100f2000-7f17100f5000 ---p 00000000 00:00 0 
7f17100f5000-7f17101f3000 rw-p 00000000 00:00 0 
7f17101f3000-7f17101f6000 ---p 00000000 00:00 0 
7f17101f6000-7f17102f4000 rw-p 00000000 00:00 0 
7f17102f4000-7f17102f7000 ---p 00000000 00:00 0 
7f17102f7000-7f17103f5000 rw-p 00000000 00:00 0 
7f17103f5000-7f17103f8000 ---p 00000000 00:00 0 
7f17103f8000-7f17104f6000 rw-p 00000000 00:00 0 
7f17104f6000-7f17104f9000 ---p 00000000 00:00 0 
7f17104f9000-7f17105f7000 rw-p 00000000 00:00 0 
7f17105f7000-7f17105fa000 ---p 00000000 00:00 0 
7f17105fa000-7f17106f8000 rw-p 00000000 00:00 0 
7f17106f8000-7f17106fb000 ---p 00000000 00:00 0 
7f17106fb000-7f17107f9000 rw-p 00000000 00:00 0 
7f17107f9000-7f17107fc000 ---p 00000000 00:00 0 
7f17107fc000-7f17108fa000 rw-p 00000000 00:00 0 
7f17108fa000-7f17108fd000 ---p 00000000 00:00 0 
7f17108fd000-7f17109fb000 rw-p 00000000 00:00 0 
7f17109fb000-7f17109fe000 ---p 00000000 00:00 0 
7f17109fe000-7f1710afc000 rw-p 00000000 00:00 0 
7f1710afc000-7f1710aff000 ---p 00000000 00:00 0 
7f1710aff000-7f1710bfd000 rw-p 00000000 00:00 0 
7f1710bfd000-7f1710c00000 ---p 00000000 00:00 0 
7f1710c00000-7f1710cfe000 rw-p 00000000 00:00 0 
7f1710cfe000-7f1710d01000 ---p 00000000 00:00 0 
7f1710d01000-7f1710fff000 rw-p 00000000 00:00 0 
7f1710fff000-7f1714000000 rw-p 00000000 00:00 0 
7f1714000000-7f1714021000 rw-p 00000000 00:00 0 
7f1714021000-7f1718000000 ---p 00000000 00:00 0 
7f1718000000-7f1719139000 rw-p 00000000 00:00 0 
7f1719139000-7f171c000000 ---p 00000000 00:00 0 
7f171c000000-7f171c021000 rw-p 00000000 00:00 0 
7f171c021000-7f1720000000 ---p 00000000 00:00 0 
7f1720000000-7f1720021000 rw-p 00000000 00:00 0 
7f1720021000-7f1724000000 ---p 00000000 00:00 0 
7f1724000000-7f1724036000 rw-p 00000000 00:00 0 
7f1724036000-7f1728000000 ---p 00000000 00:00 0 
7f1728000000-7f1728752000 rw-p 00000000 00:00 0 
7f1728752000-7f172c000000 ---p 00000000 00:00 0 
7f172c000000-7f172cd4f000 rw-p 00000000 00:00 0 
7f172cd4f000-7f1730000000 ---p 00000000 00:00 0 
7f1730000000-7f1730021000 rw-p 00000000 00:00 0 
7f1730021000-7f1734000000 ---p 00000000 00:00 0 
7f1734000000-7f1734071000 rw-p 00000000 00:00 0 
7f1734071000-7f1738000000 ---p 00000000 00:00 0 
7f1738000000-7f1738149000 rw-p 00000000 00:00 0 
7f1738149000-7f173c000000 ---p 00000000 00:00 0 
7f173c000000-7f173c06b000 rw-p 00000000 00:00 0 
7f173c06b000-7f1740000000 ---p 00000000 00:00 0 
7f1740012000-7f1740015000 ---p 00000000 00:00 0 
7f1740015000-7f174004b000 rw-p 00000000 00:00 0 
7f174004b000-7f174004e000 ---p 00000000 00:00 0 
7f174004e000-7f174034c000 rw-p 00000000 00:00 0 
7f174034c000-7f174054c000 rw-p 00000000 00:00 0 
7f174054c000-7f174074c000 rw-p 00000000 00:00 0 
7f174074c000-7f174094c000 rw-p 00000000 00:00 0 
7f1740971000-7f1740b71000 rw-p 00000000 00:00 0 
7f1740b71000-7f1740d71000 rw-p 00000000 00:00 0 
7f1740d71000-7f1740f71000 rw-p 00000000 00:00 0 
7f1740f71000-7f1740f74000 ---p 00000000 00:00 0 
7f1740f74000-7f1741072000 rw-p 00000000 00:00 0 
7f1741072000-7f1741075000 ---p 00000000 00:00 0 
7f1741075000-7f1741373000 rw-p 00000000 00:00 0 
7f1741373000-7f1741376000 ---p 00000000 00:00 0 
7f1741376000-7f1741674000 rw-p 00000000 00:00 0 
7f1741674000-7f1741677000 ---p 00000000 00:00 0 
7f1741677000-7f1741975000 rw-p 00000000 00:00 0 
7f1741975000-7f174197a000 r--s 000a3000 08:05 9442703                    /usr/lib/jvm/java-8-openjdk-amd64/jre/lib/jsse.jar
7f174197a000-7f1741b7a000 rw-p 00000000 00:00 0 
7f1741b7a000-7f1741d7a000 rw-p 00000000 00:00 0 
7f1741d7a000-7f1741f7a000 rw-p 00000000 00:00 0 
7f1741f7a000-7f174217a000 rw-p 00000000 00:00 0 
7f174217a000-7f174217d000 ---p 00000000 00:00 0 
7f174217d000-7f174247b000 rw-p 00000000 00:00 0 
7f174247b000-7f174248c000 r-xp 00000000 08:05 9442686                    /usr/lib/jvm/java-8-openjdk-amd64/jre/lib/amd64/libnio.so
7f174248c000-7f174268b000 ---p 00011000 08:05 9442686                    /usr/lib/jvm/java-8-openjdk-amd64/jre/lib/amd64/libnio.so
7f174268b000-7f174268c000 r--p 00010000 08:05 9442686                    /usr/lib/jvm/java-8-openjdk-amd64/jre/lib/amd64/libnio.so
7f174268c000-7f174268d000 rw-p 00011000 08:05 9442686                    /usr/lib/jvm/java-8-openjdk-amd64/jre/lib/amd64/libnio.so
7f174268d000-7f174288d000 rw-p 00000000 00:00 0 
7f174288d000-7f1742a8d000 rw-p 00000000 00:00 0 
7f1742a8d000-7f1742aa3000 r-xp 00000000 08:05 9442667                    /usr/lib/jvm/java-8-openjdk-amd64/jre/lib/amd64/libnet.so
7f1742aa3000-7f1742ca3000 ---p 00016000 08:05 9442667                    /usr/lib/jvm/java-8-openjdk-amd64/jre/lib/amd64/libnet.so
7f1742ca3000-7f1742ca4000 r--p 00016000 08:05 9442667                    /usr/lib/jvm/java-8-openjdk-amd64/jre/lib/amd64/libnet.so
7f1742ca4000-7f1742ca5000 rw-p 00017000 08:05 9442667                    /usr/lib/jvm/java-8-openjdk-amd64/jre/lib/amd64/libnet.so
7f1742ca5000-7f1742cae000 r-xp 00000000 08:05 9442662                    /usr/lib/jvm/java-8-openjdk-amd64/jre/lib/amd64/libmanagement.so
7f1742cae000-7f1742ead000 ---p 00009000 08:05 9442662                    /usr/lib/jvm/java-8-openjdk-amd64/jre/lib/amd64/libmanagement.so
7f1742ead000-7f1742eae000 r--p 00008000 08:05 9442662                    /usr/lib/jvm/java-8-openjdk-amd64/jre/lib/amd64/libmanagement.so
7f1742eae000-7f1742eaf000 rw-p 00009000 08:05 9442662                    /usr/lib/jvm/java-8-openjdk-amd64/jre/lib/amd64/libmanagement.so
7f1742eaf000-7f17430af000 rw-p 00000000 00:00 0 
7f17430af000-7f17430b2000 ---p 00000000 00:00 0 
7f17430b2000-7f17431b0000 rw-p 00000000 00:00 0 
7f17431b0000-7f17431b3000 ---p 00000000 00:00 0 
7f17431b3000-7f17432b1000 rw-p 00000000 00:00 0 
7f17432b1000-7f17432b4000 ---p 00000000 00:00 0 
7f17432b4000-7f17433b2000 rw-p 00000000 00:00 0 
7f17433b2000-7f17433b9000 r--s 00000000 08:05 8937168                    /usr/lib/x86_64-linux-gnu/gconv/gconv-modules.cache
7f17433b9000-7f17433df000 r--p 00000000 08:05 9865416                    /usr/share/locale-langpack/fr/LC_MESSAGES/libc.mo
7f17433df000-7f17433f7000 r--s 00218000 08:05 8662707                    /home/nerd/.m2/repository/com/itextpdf/itextpdf/5.5.10/itextpdf-5.5.10.jar
7f17433f7000-7f17433f8000 r--s 00000000 08:05 8524773                    /home/nerd/.m2/repository/javax/inject/javax.inject/1/javax.inject-1.jar
7f17433f8000-7f17433fa000 r--s 00004000 08:05 9312606                    /home/nerd/.m2/repository/org/slf4j/log4j-over-slf4j/1.7.28/log4j-over-slf4j-1.7.28.jar
7f17433fa000-7f17433fc000 r--s 00003000 08:05 9187007                    /home/nerd/.m2/repository/org/slf4j/jcl-over-slf4j/1.7.28/jcl-over-slf4j-1.7.28.jar
7f17433fc000-7f17433fe000 r--s 00000000 08:05 8524700                    /home/nerd/.m2/repository/org/slf4j/jul-to-slf4j/1.7.28/jul-to-slf4j-1.7.28.jar
7f17433fe000-7f1743409000 r--s 00069000 08:05 8524699                    /home/nerd/.m2/repository/ch/qos/logback/logback-core/1.2.3/logback-core-1.2.3.jar
7f1743409000-7f174340f000 r--s 00041000 08:05 8524696                    /home/nerd/.m2/repository/ch/qos/logback/logback-classic/1.2.3/logback-classic-1.2.3.jar
7f174340f000-7f1743413000 r--s 00020000 08:05 8923093                    /home/nerd/.m2/repository/org/jboss/jboss-vfs/3.2.12.Final/jboss-vfs-3.2.12.Final.jar
7f1743413000-7f1743419000 r--s 00315000 08:05 9312604                    /home/nerd/.m2/repository/net/sourceforge/lept4j/lept4j/1.6.4/lept4j-1.6.4.jar
7f1743419000-7f174341d000 r--s 00031000 08:05 3941394                    /home/nerd/.m2/repository/commons-io/commons-io/2.6/commons-io-2.6.jar
7f174341d000-7f1743421000 r--s 00022000 08:05 9312602                    /home/nerd/.m2/repository/org/apache/pdfbox/jbig2-imageio/3.0.0/jbig2-imageio-3.0.0.jar
7f1743421000-7f1743426000 r--s 00036000 08:05 9312600                    /home/nerd/.m2/repository/org/apache/pdfbox/pdfbox-debugger/2.0.9/pdfbox-debugger-2.0.9.jar
7f1743426000-7f1743428000 r--s 00010000 08:05 9312598                    /home/nerd/.m2/repository/org/apache/pdfbox/pdfbox-tools/2.0.9/pdfbox-tools-2.0.9.jar
7f1743428000-7f174342a000 r--s 0000e000 08:05 5379223                    /home/nerd/.m2/repository/commons-logging/commons-logging/1.2/commons-logging-1.2.jar
7f174342a000-7f1743431000 r--s 00175000 08:05 9312582                    /home/nerd/.m2/repository/org/apache/pdfbox/fontbox/2.0.9/fontbox-2.0.9.jar
7f1743431000-7f1743447000 r--s 00250000 08:05 9312580                    /home/nerd/.m2/repository/org/apache/pdfbox/pdfbox/2.0.9/pdfbox-2.0.9.jar
7f1743447000-7f1743453000 r--s 00108000 08:05 9312578                    /home/nerd/.m2/repository/com/lowagie/itext/2.1.7/itext-2.1.7.jar
7f1743453000-7f174345d000 r--s 00081000 08:05 9312576                    /home/nerd/.m2/repository/org/apache/xmlgraphics/xmlgraphics-commons/1.4/xmlgraphics-commons-1.4.jar
7f174345d000-7f174346b000 r--s 0007f000 08:05 5379221                    /home/nerd/.m2/repository/commons-collections/commons-collections/3.2.1/commons-collections-3.2.1.jar
7f174346b000-7f1743470000 r--s 00035000 08:05 5379219                    /home/nerd/.m2/repository/commons-beanutils/commons-beanutils/1.9.2/commons-beanutils-1.9.2.jar
7f1743470000-7f1743479000 r--s 0006f000 08:05 5379217                    /home/nerd/.m2/repository/log4j/log4j/1.2.17/log4j-1.2.17.jar
7f1743479000-7f174347e000 r--s 00028000 08:05 5508270                    /home/nerd/.m2/repository/org/ghost4j/ghost4j/1.0.1/ghost4j-1.0.1.jar
7f174347e000-7f1743489000 r--s 0008f000 08:05 9312572                    /home/nerd/.m2/repository/com/github/jai-imageio/jai-imageio-core/1.4.0/jai-imageio-core-1.4.0.jar
7f1743489000-7f174348d000 r--s 00167000 08:05 9312574                    /home/nerd/.m2/repository/net/java/dev/jna/jna/4.5.2/jna-4.5.2.jar
7f174348d000-7f1743490000 r--s 00f5a000 08:05 9312570                    /home/nerd/.m2/repository/net/sourceforge/tess4j/tess4j/3.4.8/tess4j-3.4.8.jar
7f1743490000-7f1743495000 r--s 00040000 08:05 8524448                    /home/nerd/.m2/repository/org/springframework/spring-expression/5.1.10.RELEASE/spring-expression-5.1.10.RELEASE.jar
7f1743495000-7f17434a4000 r--s 000b5000 08:05 9310232                    /home/nerd/.m2/repository/org/springframework/spring-webmvc/5.1.10.RELEASE/spring-webmvc-5.1.10.RELEASE.jar
7f17434a4000-7f17434c0000 r--s 00138000 08:05 8662289                    /home/nerd/.m2/repository/org/springframework/spring-web/5.1.10.RELEASE/spring-web-5.1.10.RELEASE.jar
7f17434c0000-7f17434c5000 r--s 00012000 08:05 8661446                    /home/nerd/.m2/repository/javax/validation/validation-api/2.0.1.Final/validation-api-2.0.1.Final.jar
7f17434c5000-7f17434e2000 r--s 000fe000 08:05 8661445                    /home/nerd/.m2/repository/org/hibernate/validator/hibernate-validator/6.0.17.Final/hibernate-validator-6.0.17.Final.jar
7f17434e2000-7f17434e7000 r--s 0003c000 08:05 9186959                    /home/nerd/.m2/repository/org/apache/tomcat/embed/tomcat-embed-websocket/9.0.26/tomcat-embed-websocket-9.0.26.jar
7f17434e7000-7f17434ec000 r--s 00039000 08:05 9049952                    /home/nerd/.m2/repository/org/apache/tomcat/embed/tomcat-embed-el/9.0.26/tomcat-embed-el-9.0.26.jar
7f17434ec000-7f1743518000 r--s 0030a000 08:05 8922992                    /home/nerd/.m2/repository/org/apache/tomcat/embed/tomcat-embed-core/9.0.26/tomcat-embed-core-9.0.26.jar
7f1743518000-7f1743519000 r--s 00000000 08:05 8791106                    /home/nerd/.m2/repository/org/springframework/boot/spring-boot-starter-tomcat/2.1.9.RELEASE/spring-boot-starter-tomcat-2.1.9.RELEASE.jar
7f1743519000-7f174351b000 r--s 00001000 08:05 8661442                    /home/nerd/.m2/repository/com/fasterxml/jackson/module/jackson-module-parameter-names/2.9.9/jackson-module-parameter-names-2.9.9.jar
7f174351b000-7f174351e000 r--s 00016000 08:05 8661440                    /home/nerd/.m2/repository/com/fasterxml/jackson/datatype/jackson-datatype-jsr310/2.9.9/jackson-datatype-jsr310-2.9.9.jar
7f174351e000-7f1743520000 r--s 00007000 08:05 8661438                    /home/nerd/.m2/repository/com/fasterxml/jackson/datatype/jackson-datatype-jdk8/2.9.9/jackson-datatype-jdk8-2.9.9.jar
7f1743520000-7f1743524000 r--s 0004c000 08:05 8661412                    /home/nerd/.m2/repository/com/fasterxml/jackson/core/jackson-core/2.9.9/jackson-core-2.9.9.jar
7f1743524000-7f1743527000 r--s 0000e000 08:05 8661414                    /home/nerd/.m2/repository/com/fasterxml/jackson/core/jackson-annotations/2.9.0/jackson-annotations-2.9.0.jar
7f1743527000-7f174353a000 r--s 00137000 08:05 6425650                    /home/nerd/.m2/repository/com/fasterxml/jackson/core/jackson-databind/2.9.9.3/jackson-databind-2.9.9.3.jar
7f174353a000-7f174353b000 r--s 00000000 08:05 9310233                    /home/nerd/.m2/repository/org/springframework/boot/spring-boot-starter-json/2.1.9.RELEASE/spring-boot-starter-json-2.1.9.RELEASE.jar
7f174353b000-7f174353c000 r--s 00000000 08:05 9310231                    /home/nerd/.m2/repository/org/springframework/boot/spring-boot-starter-web/2.1.9.RELEASE/spring-boot-starter-web-2.1.9.RELEASE.jar
7f174353c000-7f174353d000 r--s 00005000 08:05 8524803                    /home/nerd/.m2/repository/org/springframework/spring-jcl/5.1.10.RELEASE/spring-jcl-5.1.10.RELEASE.jar
7f174353d000-7f1743556000 r--s 00125000 08:05 8524801                    /home/nerd/.m2/repository/org/springframework/spring-core/5.1.10.RELEASE/spring-core-5.1.10.RELEASE.jar
7f1743556000-7f174356d000 r--s 00198000 08:05 8662252                    /home/nerd/.m2/repository/org/projectlombok/lombok/1.18.10/lombok-1.18.10.jar
7f174356d000-7f1743580000 r--s 00201000 08:05 5772090                    /home/nerd/.m2/repository/com/h2database/h2/1.4.199/h2-1.4.199.jar
7f1743580000-7f17435a4000 r--s 00113000 08:05 8524800                    /home/nerd/.m2/repository/org/springframework/boot/spring-boot-autoconfigure/2.1.9.RELEASE/spring-boot-autoconfigure-2.1.9.RELEASE.jar
7f17435a4000-7f17435b9000 r--s 000d5000 08:05 8524797                    /home/nerd/.m2/repository/org/springframework/boot/spring-boot/2.1.9.RELEASE/spring-boot-2.1.9.RELEASE.jar
7f17435b9000-7f17435bf000 r--s 0002e000 08:05 8662250                    /home/nerd/.m2/repository/org/springframework/boot/spring-boot-devtools/2.1.9.RELEASE/spring-boot-devtools-2.1.9.RELEASE.jar
7f17435bf000-7f17435c0000 r--s 00009000 08:05 8661432                    /home/nerd/.m2/repository/org/thymeleaf/extras/thymeleaf-extras-java8time/3.0.4.RELEASE/thymeleaf-extras-java8time-3.0.4.RELEASE.jar
7f17435c0000-7f17435c3000 r--s 00028000 08:05 8661430                    /home/nerd/.m2/repository/org/unbescape/unbescape/1.1.6.RELEASE/unbescape-1.1.6.RELEASE.jar
7f17435c3000-7f17435c8000 r--s 00037000 08:05 8661428                    /home/nerd/.m2/repository/org/attoparser/attoparser/2.0.5.RELEASE/attoparser-2.0.5.RELEASE.jar
7f17435c8000-7f17435d8000 r--s 000c5000 08:05 8661426                    /home/nerd/.m2/repository/org/thymeleaf/thymeleaf/3.0.11.RELEASE/thymeleaf-3.0.11.RELEASE.jar
7f17435d8000-7f17435dd000 r--s 00027000 08:05 8661417                    /home/nerd/.m2/repository/org/thymeleaf/thymeleaf-spring5/3.0.11.RELEASE/thymeleaf-spring5-3.0.11.RELEASE.jar
7f17435dd000-7f17435e4000 r--s 00043000 08:05 8524702                    /home/nerd/.m2/repository/org/yaml/snakeyaml/1.23/snakeyaml-1.23.jar
7f17435e4000-7f17435e6000 r--s 00005000 08:05 8262543                    /home/nerd/.m2/repository/javax/annotation/javax.annotation-api/1.3.2/javax.annotation-api-1.3.2.jar
7f17435e6000-7f17435ec000 r--s 0003c000 08:05 7213237                    /home/nerd/.m2/repository/org/apache/logging/log4j/log4j-api/2.11.2/log4j-api-2.11.2.jar
7f17435ec000-7f17435ee000 r--s 00003000 08:05 6564854                    /home/nerd/.m2/repository/org/apache/logging/log4j/log4j-to-slf4j/2.11.2/log4j-to-slf4j-2.11.2.jar
7f17435ee000-7f17435ef000 r--s 00000000 08:05 8524793                    /home/nerd/.m2/repository/org/springframework/boot/spring-boot-starter-logging/2.1.9.RELEASE/spring-boot-starter-logging-2.1.9.RELEASE.jar
7f17435ef000-7f17435f0000 r--s 00000000 08:05 8524454                    /home/nerd/.m2/repository/org/springframework/boot/spring-boot-starter/2.1.9.RELEASE/spring-boot-starter-2.1.9.RELEASE.jar
7f17435f0000-7f17435f1000 r--s 00000000 08:05 8662247                    /home/nerd/.m2/repository/org/springframework/boot/spring-boot-starter-thymeleaf/2.1.9.RELEASE/spring-boot-starter-thymeleaf-2.1.9.RELEASE.jar
7f17435f1000-7f17435f3000 r--s 0000a000 08:05 8662245                    /home/nerd/.m2/repository/org/springframework/spring-aspects/5.1.10.RELEASE/spring-aspects-5.1.10.RELEASE.jar
7f17435f3000-7f17435f5000 r--s 00009000 08:05 8524692                    /home/nerd/.m2/repository/org/slf4j/slf4j-api/1.7.28/slf4j-api-1.7.28.jar
7f17435f5000-7f1743601000 r--s 00099000 08:05 8524453                    /home/nerd/.m2/repository/org/springframework/spring-beans/5.1.10.RELEASE/spring-beans-5.1.10.RELEASE.jar
7f1743601000-7f1743609000 r--s 00037000 08:05 8524450                    /home/nerd/.m2/repository/org/springframework/spring-tx/5.1.10.RELEASE/spring-tx-5.1.10.RELEASE.jar
7f1743609000-7f1743623000 r--s 000f4000 08:05 8524446                    /home/nerd/.m2/repository/org/springframework/spring-context/5.1.10.RELEASE/spring-context-5.1.10.RELEASE.jar
7f1743623000-7f1743627000 r--s 0002d000 08:05 8662243                    /home/nerd/.m2/repository/org/springframework/spring-orm/5.1.10.RELEASE/spring-orm-5.1.10.RELEASE.jar
7f1743627000-7f1743640000 r--s 00107000 08:05 8524444                    /home/nerd/.m2/repository/org/springframework/data/spring-data-commons/2.1.11.RELEASE/spring-data-commons-2.1.11.RELEASE.jar
7f1743640000-7f1743649000 r--s 00050000 08:05 8524442                    /home/nerd/.m2/repository/org/springframework/data/spring-data-jpa/2.1.11.RELEASE/spring-data-jpa-2.1.11.RELEASE.jar
7f1743649000-7f174364f000 r--s 00047000 08:05 8524440                    /home/nerd/.m2/repository/com/sun/xml/fastinfoset/FastInfoset/1.2.15/FastInfoset-1.2.15.jar
7f174364f000-7f1743650000 r--s 00008000 08:05 5636526                    /home/nerd/.m2/repository/org/jvnet/staxex/stax-ex/1.8/stax-ex-1.8.jar
7f1743650000-7f1743653000 r--s 0000f000 08:05 8524427                    /home/nerd/.m2/repository/org/glassfish/jaxb/txw2/2.3.1/txw2-2.3.1.jar
7f1743653000-7f174369b000 r--s 002de000 08:05 7088378                    /home/nerd/.m2/repository/net/bytebuddy/byte-buddy/1.9.16/byte-buddy-1.9.16.jar
7f174369b000-7f174371d000 r--s 0062c000 08:05 8662241                    /home/nerd/.m2/repository/org/hibernate/hibernate-core/5.3.12.Final/hibernate-core-5.3.12.Final.jar
7f174371d000-7f174371e000 ---p 00000000 00:00 0 
7f174371e000-7f174381e000 rw-p 00000000 00:00 0 
7f174381e000-7f1743821000 ---p 00000000 00:00 0 
7f1743821000-7f174391f000 rw-p 00000000 00:00 0 
7f174391f000-7f1743922000 ---p 00000000 00:00 0 
7f1743922000-7f1743a20000 rw-p 00000000 00:00 0 
7f1743a20000-7f1743a23000 ---p 00000000 00:00 0 
7f1743a23000-7f1743b21000 rw-p 00000000 00:00 0 
7f1743b21000-7f1743b24000 ---p 00000000 00:00 0 
7f1743b24000-7f1743c22000 rw-p 00000000 00:00 0 
7f1743c22000-7f1743eff000 r--p 00000000 08:05 8650978                    /usr/lib/locale/locale-archive
7f1743eff000-7f1743f02000 ---p 00000000 00:00 0 
7f1743f02000-7f1744000000 rw-p 00000000 00:00 0 
7f1744000000-7f1744118000 rw-p 00000000 00:00 0 
7f1744118000-7f1748000000 ---p 00000000 00:00 0 
7f1748000000-7f1748002000 r--s 00005000 08:05 8524439                    /home/nerd/.m2/repository/com/sun/istack/istack-commons-runtime/3.0.7/istack-commons-runtime-3.0.7.jar
7f1748002000-7f1748016000 r--s 000f7000 08:05 7088253                    /home/nerd/.m2/repository/org/glassfish/jaxb/jaxb-runtime/2.3.1/jaxb-runtime-2.3.1.jar
7f1748016000-7f1748019000 r--s 00010000 08:05 8661396                    /home/nerd/.m2/repository/org/hibernate/common/hibernate-commons-annotations/5.0.4.Final/hibernate-commons-annotations-5.0.4.Final.jar
7f1748019000-7f174801e000 r--s 0004b000 08:05 8661394                    /home/nerd/.m2/repository/org/dom4j/dom4j/2.1.1/dom4j-2.1.1.jar
7f174801e000-7f1748020000 r--s 0000f000 08:05 6036684                    /home/nerd/.m2/repository/com/fasterxml/classmate/1.4.0/classmate-1.4.0.jar
7f1748020000-7f1748023000 r--s 0002b000 08:05 8661392                    /home/nerd/.m2/repository/org/jboss/jandex/2.0.5.Final/jandex-2.0.5.Final.jar
7f1748023000-7f1748028000 r--s 00068000 08:05 7472302                    /home/nerd/.m2/repository/antlr/antlr/2.7.7/antlr-2.7.7.jar
7f1748028000-7f1748033000 r--s 000b2000 08:05 8661390                    /home/nerd/.m2/repository/org/javassist/javassist/3.23.2-GA/javassist-3.23.2-GA.jar
7f1748033000-7f1748039000 r--s 00023000 08:05 8661388                    /home/nerd/.m2/repository/javax/persistence/javax.persistence-api/2.2/javax.persistence-api-2.2.jar
7f1748039000-7f174803b000 r--s 0000f000 08:05 8661387                    /home/nerd/.m2/repository/org/jboss/logging/jboss-logging/3.3.3.Final/jboss-logging-3.3.3.Final.jar
7f174803b000-7f174803d000 r--s 0000c000 08:05 8661382                    /home/nerd/.m2/repository/javax/activation/javax.activation-api/1.2.0/javax.activation-api-1.2.0.jar
7f174803d000-7f1748041000 r--s 0001c000 08:05 8661380                    /home/nerd/.m2/repository/javax/xml/bind/jaxb-api/2.3.1/jaxb-api-2.3.1.jar
7f1748041000-7f1748042000 r--s 00006000 08:05 8262537                    /home/nerd/.m2/repository/javax/transaction/javax.transaction-api/1.3/javax.transaction-api-1.3.jar
7f1748042000-7f174804b000 r--s 0005a000 08:05 8524434                    /home/nerd/.m2/repository/org/springframework/spring-jdbc/5.1.10.RELEASE/spring-jdbc-5.1.10.RELEASE.jar
7f174804b000-7f174804f000 r--s 00020000 08:05 5903404                    /home/nerd/.m2/repository/com/zaxxer/HikariCP/3.2.0/HikariCP-3.2.0.jar
7f174804f000-7f1748050000 r--s 00000000 08:05 8524432                    /home/nerd/.m2/repository/org/springframework/boot/spring-boot-starter-jdbc/2.1.9.RELEASE/spring-boot-starter-jdbc-2.1.9.RELEASE.jar
7f1748050000-7f1748069000 r--s 001da000 08:05 8524678                    /home/nerd/.m2/repository/org/aspectj/aspectjweaver/1.9.4/aspectjweaver-1.9.4.jar
7f1748069000-7f1748072000 r--s 00052000 08:05 8524430                    /home/nerd/.m2/repository/org/springframework/spring-aop/5.1.10.RELEASE/spring-aop-5.1.10.RELEASE.jar
7f1748072000-7f1748073000 r--s 00000000 08:05 8524428                    /home/nerd/.m2/repository/org/springframework/boot/spring-boot-starter-aop/2.1.9.RELEASE/spring-boot-starter-aop-2.1.9.RELEASE.jar
7f1748073000-7f1748074000 r--s 00000000 08:05 8524426                    /home/nerd/.m2/repository/org/springframework/boot/spring-boot-starter-data-jpa/2.1.9.RELEASE/spring-boot-starter-data-jpa-2.1.9.RELEASE.jar
7f1748074000-7f1748077000 r--s 00039000 08:05 9442645                    /usr/lib/jvm/java-8-openjdk-amd64/jre/lib/ext/sunpkcs11.jar
7f1748077000-7f1748092000 r--s 001d6000 08:05 9442642                    /usr/lib/jvm/java-8-openjdk-amd64/jre/lib/ext/nashorn.jar
7f1748092000-7f174809c000 r--s 00116000 08:05 9442650                    /usr/lib/jvm/java-8-openjdk-amd64/jre/lib/ext/localedata.jar
7f174809c000-7f17480b7000 r--s 00394000 08:05 9442646                    /usr/lib/jvm/java-8-openjdk-amd64/jre/lib/ext/cldrdata.jar
7f17480b7000-7f17480ba000 ---p 00000000 00:00 0 
7f17480ba000-7f17481b8000 rw-p 00000000 00:00 0 
7f17481b8000-7f17481b9000 ---p 00000000 00:00 0 
7f17481b9000-7f1749000000 rw-p 00000000 00:00 0 
7f1749000000-7f1749b60000 rwxp 00000000 00:00 0 
7f1749b60000-7f1758000000 ---p 00000000 00:00 0 
7f1758000000-7f175874e000 rw-p 00000000 00:00 0 
7f175874e000-7f175c000000 ---p 00000000 00:00 0 
7f175c000000-7f175c002000 r--s 00001000 08:05 9442647                    /usr/lib/jvm/java-8-openjdk-amd64/jre/lib/ext/dnsns.jar
7f175c002000-7f175c427000 rw-p 00000000 00:00 0 
7f175c427000-7f175c5f7000 r--s 03c5c000 08:05 9442611                    /usr/lib/jvm/java-8-openjdk-amd64/jre/lib/rt.jar
7f175c5f7000-7f175e5e7000 rw-p 00000000 00:00 0 
7f175e5e7000-7f175e5e8000 ---p 00000000 00:00 0 
7f175e5e8000-7f175e6e8000 rw-p 00000000 00:00 0 
7f175e6e8000-7f175e6e9000 ---p 00000000 00:00 0 
7f175e6e9000-7f175e804000 rw-p 00000000 00:00 0 
7f175e804000-7f175e925000 ---p 00000000 00:00 0 
7f175e925000-7f175e940000 rw-p 00000000 00:00 0 
7f175e940000-7f175ea61000 ---p 00000000 00:00 0 
7f175ea61000-7f175eadb000 rw-p 00000000 00:00 0 
7f175eadb000-7f175eaff000 ---p 00000000 00:00 0 
7f175eaff000-7f175eb2e000 rw-p 00000000 00:00 0 
7f175eb2e000-7f175eec0000 ---p 00000000 00:00 0 
7f175eec0000-7f175eec8000 r-xp 00000000 08:05 9442683                    /usr/lib/jvm/java-8-openjdk-amd64/jre/lib/amd64/libzip.so
7f175eec8000-7f175f0c7000 ---p 00008000 08:05 9442683                    /usr/lib/jvm/java-8-openjdk-amd64/jre/lib/amd64/libzip.so
7f175f0c7000-7f175f0c8000 r--p 00007000 08:05 9442683                    /usr/lib/jvm/java-8-openjdk-amd64/jre/lib/amd64/libzip.so
7f175f0c8000-7f175f0c9000 rw-p 00008000 08:05 9442683                    /usr/lib/jvm/java-8-openjdk-amd64/jre/lib/amd64/libzip.so
7f175f0c9000-7f175f0d4000 r-xp 00000000 08:05 1324153                    /lib/x86_64-linux-gnu/libnss_files-2.23.so
7f175f0d4000-7f175f2d3000 ---p 0000b000 08:05 1324153                    /lib/x86_64-linux-gnu/libnss_files-2.23.so
7f175f2d3000-7f175f2d4000 r--p 0000a000 08:05 1324153                    /lib/x86_64-linux-gnu/libnss_files-2.23.so
7f175f2d4000-7f175f2d5000 rw-p 0000b000 08:05 1324153                    /lib/x86_64-linux-gnu/libnss_files-2.23.so
7f175f2d5000-7f175f2db000 rw-p 00000000 00:00 0 
7f175f2db000-7f175f2e6000 r-xp 00000000 08:05 1324146                    /lib/x86_64-linux-gnu/libnss_nis-2.23.so
7f175f2e6000-7f175f4e5000 ---p 0000b000 08:05 1324146                    /lib/x86_64-linux-gnu/libnss_nis-2.23.so
7f175f4e5000-7f175f4e6000 r--p 0000a000 08:05 1324146                    /lib/x86_64-linux-gnu/libnss_nis-2.23.so
7f175f4e6000-7f175f4e7000 rw-p 0000b000 08:05 1324146                    /lib/x86_64-linux-gnu/libnss_nis-2.23.so
7f175f4e7000-7f175f4fd000 r-xp 00000000 08:05 1324151                    /lib/x86_64-linux-gnu/libnsl-2.23.so
7f175f4fd000-7f175f6fc000 ---p 00016000 08:05 1324151                    /lib/x86_64-linux-gnu/libnsl-2.23.so
7f175f6fc000-7f175f6fd000 r--p 00015000 08:05 1324151                    /lib/x86_64-linux-gnu/libnsl-2.23.so
7f175f6fd000-7f175f6fe000 rw-p 00016000 08:05 1324151                    /lib/x86_64-linux-gnu/libnsl-2.23.so
7f175f6fe000-7f175f700000 rw-p 00000000 00:00 0 
7f175f700000-7f175f708000 r-xp 00000000 08:05 1324157                    /lib/x86_64-linux-gnu/libnss_compat-2.23.so
7f175f708000-7f175f907000 ---p 00008000 08:05 1324157                    /lib/x86_64-linux-gnu/libnss_compat-2.23.so
7f175f907000-7f175f908000 r--p 00007000 08:05 1324157                    /lib/x86_64-linux-gnu/libnss_compat-2.23.so
7f175f908000-7f175f909000 rw-p 00008000 08:05 1324157                    /lib/x86_64-linux-gnu/libnss_compat-2.23.so
7f175f909000-7f175f932000 r-xp 00000000 08:05 9442666                    /usr/lib/jvm/java-8-openjdk-amd64/jre/lib/amd64/libjava.so
7f175f932000-7f175fb31000 ---p 00029000 08:05 9442666                    /usr/lib/jvm/java-8-openjdk-amd64/jre/lib/amd64/libjava.so
7f175fb31000-7f175fb32000 r--p 00028000 08:05 9442666                    /usr/lib/jvm/java-8-openjdk-amd64/jre/lib/amd64/libjava.so
7f175fb32000-7f175fb34000 rw-p 00029000 08:05 9442666                    /usr/lib/jvm/java-8-openjdk-amd64/jre/lib/amd64/libjava.so
7f175fb34000-7f175fb43000 r-xp 00000000 08:05 9442685                    /usr/lib/jvm/java-8-openjdk-amd64/jre/lib/amd64/libverify.so
7f175fb43000-7f175fd42000 ---p 0000f000 08:05 9442685                    /usr/lib/jvm/java-8-openjdk-amd64/jre/lib/amd64/libverify.so
7f175fd42000-7f175fd44000 r--p 0000e000 08:05 9442685                    /usr/lib/jvm/java-8-openjdk-amd64/jre/lib/amd64/libverify.so
7f175fd44000-7f175fd45000 rw-p 00010000 08:05 9442685                    /usr/lib/jvm/java-8-openjdk-amd64/jre/lib/amd64/libverify.so
7f175fd45000-7f175fd4c000 r-xp 00000000 08:05 1324139                    /lib/x86_64-linux-gnu/librt-2.23.so
7f175fd4c000-7f175ff4b000 ---p 00007000 08:05 1324139                    /lib/x86_64-linux-gnu/librt-2.23.so
7f175ff4b000-7f175ff4c000 r--p 00006000 08:05 1324139                    /lib/x86_64-linux-gnu/librt-2.23.so
7f175ff4c000-7f175ff4d000 rw-p 00007000 08:05 1324139                    /lib/x86_64-linux-gnu/librt-2.23.so
7f175ff4d000-7f175ff63000 r-xp 00000000 08:05 1315311                    /lib/x86_64-linux-gnu/libgcc_s.so.1
7f175ff63000-7f1760162000 ---p 00016000 08:05 1315311                    /lib/x86_64-linux-gnu/libgcc_s.so.1
7f1760162000-7f1760163000 rw-p 00015000 08:05 1315311                    /lib/x86_64-linux-gnu/libgcc_s.so.1
7f1760163000-7f176026b000 r-xp 00000000 08:05 1324159                    /lib/x86_64-linux-gnu/libm-2.23.so
7f176026b000-7f176046a000 ---p 00108000 08:05 1324159                    /lib/x86_64-linux-gnu/libm-2.23.so
7f176046a000-7f176046b000 r--p 00107000 08:05 1324159                    /lib/x86_64-linux-gnu/libm-2.23.so
7f176046b000-7f176046c000 rw-p 00108000 08:05 1324159                    /lib/x86_64-linux-gnu/libm-2.23.so
7f176046c000-7f17605de000 r-xp 00000000 08:05 8654243                    /usr/lib/x86_64-linux-gnu/libstdc++.so.6.0.21
7f17605de000-7f17607de000 ---p 00172000 08:05 8654243                    /usr/lib/x86_64-linux-gnu/libstdc++.so.6.0.21
7f17607de000-7f17607e8000 r--p 00172000 08:05 8654243                    /usr/lib/x86_64-linux-gnu/libstdc++.so.6.0.21
7f17607e8000-7f17607ea000 rw-p 0017c000 08:05 8654243                    /usr/lib/x86_64-linux-gnu/libstdc++.so.6.0.21
7f17607ea000-7f17607ee000 rw-p 00000000 00:00 0 
7f17607ee000-7f1761452000 r-xp 00000000 08:05 9442696                    /usr/lib/jvm/java-8-openjdk-amd64/jre/lib/amd64/server/libjvm.so
7f1761452000-7f1761651000 ---p 00c64000 08:05 9442696                    /usr/lib/jvm/java-8-openjdk-amd64/jre/lib/amd64/server/libjvm.so
7f1761651000-7f17616e5000 r--p 00c63000 08:05 9442696                    /usr/lib/jvm/java-8-openjdk-amd64/jre/lib/amd64/server/libjvm.so
7f17616e5000-7f176170e000 rw-p 00cf7000 08:05 9442696                    /usr/lib/jvm/java-8-openjdk-amd64/jre/lib/amd64/server/libjvm.so
7f176170e000-7f176173e000 rw-p 00000000 00:00 0 
7f176173e000-7f1761756000 r-xp 00000000 08:05 1324143                    /lib/x86_64-linux-gnu/libpthread-2.23.so
7f1761756000-7f1761955000 ---p 00018000 08:05 1324143                    /lib/x86_64-linux-gnu/libpthread-2.23.so
7f1761955000-7f1761956000 r--p 00017000 08:05 1324143                    /lib/x86_64-linux-gnu/libpthread-2.23.so
7f1761956000-7f1761957000 rw-p 00018000 08:05 1324143                    /lib/x86_64-linux-gnu/libpthread-2.23.so
7f1761957000-7f176195b000 rw-p 00000000 00:00 0 
7f176195b000-7f176195e000 r-xp 00000000 08:05 1324141                    /lib/x86_64-linux-gnu/libdl-2.23.so
7f176195e000-7f1761b5d000 ---p 00003000 08:05 1324141                    /lib/x86_64-linux-gnu/libdl-2.23.so
7f1761b5d000-7f1761b5e000 r--p 00002000 08:05 1324141                    /lib/x86_64-linux-gnu/libdl-2.23.so
7f1761b5e000-7f1761b5f000 rw-p 00003000 08:05 1324141                    /lib/x86_64-linux-gnu/libdl-2.23.so
7f1761b5f000-7f1761b78000 r-xp 00000000 08:05 1315228                    /lib/x86_64-linux-gnu/libz.so.1.2.8
7f1761b78000-7f1761d77000 ---p 00019000 08:05 1315228                    /lib/x86_64-linux-gnu/libz.so.1.2.8
7f1761d77000-7f1761d78000 r--p 00018000 08:05 1315228                    /lib/x86_64-linux-gnu/libz.so.1.2.8
7f1761d78000-7f1761d79000 rw-p 00019000 08:05 1315228                    /lib/x86_64-linux-gnu/libz.so.1.2.8
7f1761d79000-7f1761f39000 r-xp 00000000 08:05 1324156                    /lib/x86_64-linux-gnu/libc-2.23.so
7f1761f39000-7f1762139000 ---p 001c0000 08:05 1324156                    /lib/x86_64-linux-gnu/libc-2.23.so
7f1762139000-7f176213d000 r--p 001c0000 08:05 1324156                    /lib/x86_64-linux-gnu/libc-2.23.so
7f176213d000-7f176213f000 rw-p 001c4000 08:05 1324156                    /lib/x86_64-linux-gnu/libc-2.23.so
7f176213f000-7f1762143000 rw-p 00000000 00:00 0 
7f1762143000-7f1762150000 r-xp 00000000 08:05 9442677                    /usr/lib/jvm/java-8-openjdk-amd64/jre/lib/amd64/jli/libjli.so
7f1762150000-7f176234f000 ---p 0000d000 08:05 9442677                    /usr/lib/jvm/java-8-openjdk-amd64/jre/lib/amd64/jli/libjli.so
7f176234f000-7f1762350000 r--p 0000c000 08:05 9442677                    /usr/lib/jvm/java-8-openjdk-amd64/jre/lib/amd64/jli/libjli.so
7f1762350000-7f1762351000 rw-p 0000d000 08:05 9442677                    /usr/lib/jvm/java-8-openjdk-amd64/jre/lib/amd64/jli/libjli.so
7f1762351000-7f1762377000 r-xp 00000000 08:05 1324142                    /lib/x86_64-linux-gnu/ld-2.23.so
7f1762377000-7f1762378000 r--s 0000a000 08:05 9442643                    /usr/lib/jvm/java-8-openjdk-amd64/jre/lib/ext/jaccess.jar
7f1762378000-7f176237d000 r--s 0003c000 08:05 9442648                    /usr/lib/jvm/java-8-openjdk-amd64/jre/lib/ext/sunjce_provider.jar
7f176237d000-7f176237e000 r--s 00010000 08:05 9442649                    /usr/lib/jvm/java-8-openjdk-amd64/jre/lib/ext/zipfs.jar
7f176237e000-7f176237f000 r--s 0000d000 08:05 9442639                    /usr/lib/jvm/java-8-openjdk-amd64/jre/lib/ext/sunec.jar
7f176237f000-7f1762382000 r--s 0000f000 08:05 9442641                    /usr/lib/jvm/java-8-openjdk-amd64/jre/lib/ext/icedtea-sound.jar
7f1762382000-7f1762453000 rw-p 00000000 00:00 0 
7f1762453000-7f1762456000 ---p 00000000 00:00 0 
7f1762456000-7f176256b000 rw-p 00000000 00:00 0 
7f176256b000-7f1762573000 rw-s 00000000 08:05 9310472                    /tmp/hsperfdata_nerd/11787
7f1762573000-7f1762574000 rw-p 00000000 00:00 0 
7f1762574000-7f1762575000 r--p 00000000 00:00 0 
7f1762575000-7f1762576000 rw-p 00000000 00:00 0 
7f1762576000-7f1762577000 r--p 00025000 08:05 1324142                    /lib/x86_64-linux-gnu/ld-2.23.so
7f1762577000-7f1762578000 rw-p 00026000 08:05 1324142                    /lib/x86_64-linux-gnu/ld-2.23.so
7f1762578000-7f1762579000 rw-p 00000000 00:00 0 
7ffc5af3c000-7ffc5af60000 rw-p 00000000 00:00 0                          [stack]
7ffc5afd3000-7ffc5afd6000 r--p 00000000 00:00 0                          [vvar]
7ffc5afd6000-7ffc5afd8000 r-xp 00000000 00:00 0                          [vdso]
ffffffffff600000-ffffffffff601000 r-xp 00000000 00:00 0                  [vsyscall]

VM Arguments:
jvm_args: -Xverify:none -XX:TieredStopAtLevel=1 
java_command: org.coursecollector.esi.DemoApplication
java_class_path (initial): /home/nerd/Documents/MASTER 1/DEV_WEB_ADV/PROJET/ADV_WEB_2019/src/target/classes:/home/nerd/.m2/repository/org/springframework/boot/spring-boot-starter-data-jpa/2.1.9.RELEASE/spring-boot-starter-data-jpa-2.1.9.RELEASE.jar:/home/nerd/.m2/repository/org/springframework/boot/spring-boot-starter-aop/2.1.9.RELEASE/spring-boot-starter-aop-2.1.9.RELEASE.jar:/home/nerd/.m2/repository/org/springframework/spring-aop/5.1.10.RELEASE/spring-aop-5.1.10.RELEASE.jar:/home/nerd/.m2/repository/org/aspectj/aspectjweaver/1.9.4/aspectjweaver-1.9.4.jar:/home/nerd/.m2/repository/org/springframework/boot/spring-boot-starter-jdbc/2.1.9.RELEASE/spring-boot-starter-jdbc-2.1.9.RELEASE.jar:/home/nerd/.m2/repository/com/zaxxer/HikariCP/3.2.0/HikariCP-3.2.0.jar:/home/nerd/.m2/repository/org/springframework/spring-jdbc/5.1.10.RELEASE/spring-jdbc-5.1.10.RELEASE.jar:/home/nerd/.m2/repository/javax/transaction/javax.transaction-api/1.3/javax.transaction-api-1.3.jar:/home/nerd/.m2/repository/javax/xml/bind/jaxb-api/2.3.1/jaxb-api-2.3.1.jar:/home/nerd/.m2/repository/javax/activation/javax.activation-api/1.2.0/javax.activation-api-1.2.0.jar:/home/nerd/.m2/repository/org/hibernate/hibernate-core/5.3.12.Final/hibernate-core-5.3.12.Final.jar:/home/nerd/.m2/repository/org/jboss/logging/jboss-logging/3.3.3.Final/jboss-logging-3.3.3.Final.jar:/home/nerd/.m2/repository/javax/persistence/javax.persistence-api/2.2/javax.persistence-api-2.2.jar:/home/nerd/.m2/repository/org/javassist/javassist/3.23.2-GA/javassist-3.23.2-GA.jar:/home/nerd/.m2/repository/net/bytebuddy/byte-buddy/1.9.16/byte-buddy-1.9.16.jar:/home/nerd/.m2/repository/antlr/antlr/2.7.7/antlr-2.7.7.jar:/home/nerd/.m2/repository/org/jboss/jandex/2.0.5.Final/jandex-2.0.5.Final.jar:/home/nerd/.m2/repository/com/fasterxml/classmate/1.4.0/classmate-1.4.0.jar:/home/nerd/.m2/repository/org/dom4j/dom4j/2.1.1/dom4j-2.1.1.jar:/home/nerd/.m2/repository/org/hibernate/common/hibernate-commons-annotations/5.0.4.Final/hibernate-commons-a
Launcher Type: SUN_STANDARD

Environment Variables:
JAVA_HOME=/usr/lib/jvm/java-8-openjdk-amd64
PATH=/home/nerd/anaconda3/bin:/home/nerd/anaconda3/condabin:/home/nerd/bin:/home/nerd/.local/bin:/usr/local/sbin:/usr/local/bin:/usr/sbin:/usr/bin:/sbin:/bin:/usr/games:/usr/local/games:/snap/bin
SHELL=/bin/bash
DISPLAY=:0

Signal Handlers:
SIGSEGV: [libjvm.so+0xa783e0], sa_mask[0]=11111111011111111101111111111110, sa_flags=SA_RESTART|SA_SIGINFO
SIGBUS: [libjvm.so+0xa783e0], sa_mask[0]=11111111011111111101111111111110, sa_flags=SA_RESTART|SA_SIGINFO
SIGFPE: [libjvm.so+0x8c0e10], sa_mask[0]=11111111011111111101111111111110, sa_flags=SA_RESTART|SA_SIGINFO
SIGPIPE: [libjvm.so+0x8c0e10], sa_mask[0]=11111111011111111101111111111110, sa_flags=SA_RESTART|SA_SIGINFO
SIGXFSZ: [libjvm.so+0x8c0e10], sa_mask[0]=11111111011111111101111111111110, sa_flags=SA_RESTART|SA_SIGINFO
SIGILL: [libjvm.so+0x8c0e10], sa_mask[0]=11111111011111111101111111111110, sa_flags=SA_RESTART|SA_SIGINFO
SIGUSR1: SIG_DFL, sa_mask[0]=00000000000000000000000000000000, sa_flags=none
SIGUSR2: [libjvm.so+0x8c0cc0], sa_mask[0]=00100000000000000000000000000000, sa_flags=SA_RESTART|SA_SIGINFO
SIGHUP: [libjvm.so+0x8c1350], sa_mask[0]=11111111011111111101111111111110, sa_flags=SA_RESTART|SA_SIGINFO
SIGINT: SIG_IGN, sa_mask[0]=00000000000000000000000000000000, sa_flags=none
SIGTERM: [libjvm.so+0x8c1350], sa_mask[0]=11111111011111111101111111111110, sa_flags=SA_RESTART|SA_SIGINFO
SIGQUIT: [libjvm.so+0x8c1350], sa_mask[0]=11111111011111111101111111111110, sa_flags=SA_RESTART|SA_SIGINFO


---------------  S Y S T E M  ---------------

OS:DISTRIB_ID=Ubuntu
DISTRIB_RELEASE=16.04
DISTRIB_CODENAME=xenial
DISTRIB_DESCRIPTION="Ubuntu 16.04.6 LTS"

uname:Linux 4.4.0-142-generic #168-Ubuntu SMP Wed Jan 16 21:00:45 UTC 2019 x86_64
libc:glibc 2.23 NPTL 2.23 
rlimit: STACK 8192k, CORE 0k, NPROC 14989, NOFILE 1048576, AS infinity
load average:4,42 2,34 1,41

/proc/meminfo:
MemTotal:        3879672 kB
MemFree:          107312 kB
MemAvailable:     171720 kB
Buffers:           31356 kB
Cached:           328172 kB
SwapCached:       184496 kB
Active:          2710156 kB
Inactive:         861564 kB
Active(anon):    2589244 kB
Inactive(anon):   739912 kB
Active(file):     120912 kB
Inactive(file):   121652 kB
Unevictable:          48 kB
Mlocked:              48 kB
SwapTotal:       4024316 kB
SwapFree:        1797132 kB
Dirty:               972 kB
Writeback:             0 kB
AnonPages:       3179148 kB
Mapped:           187544 kB
Shmem:            116936 kB
Slab:              89652 kB
SReclaimable:      47768 kB
SUnreclaim:        41884 kB
KernelStack:       11872 kB
PageTables:        51092 kB
NFS_Unstable:          0 kB
Bounce:                0 kB
WritebackTmp:          0 kB
CommitLimit:     5964152 kB
Committed_AS:    9747304 kB
VmallocTotal:   34359738367 kB
VmallocUsed:           0 kB
VmallocChunk:          0 kB
HardwareCorrupted:     0 kB
AnonHugePages:         0 kB
CmaTotal:              0 kB
CmaFree:               0 kB
HugePages_Total:       0
HugePages_Free:        0
HugePages_Rsvd:        0
HugePages_Surp:        0
Hugepagesize:       2048 kB
DirectMap4k:      135164 kB
DirectMap2M:     3891200 kB

container (cgroup) information:
container_type: cgroupv1
cpu_cpuset_cpus: 0-1
cpu_memory_nodes: 0
active_processor_count: 2
cpu_quota: -1
cpu_period: 100000
cpu_shares: -1
memory_limit_in_bytes: -1
memory_and_swap_limit_in_bytes: -2
memory_soft_limit_in_bytes: -1
memory_usage_in_bytes: 3635245056
memory_max_usage_in_bytes: 0


CPU:total 2 (initial active 2) (2 cores per cpu, 1 threads per core) family 6 model 23 stepping 10, cmov, cx8, fxsr, mmx, sse, sse2, sse3, ssse3, sse4.1, tsc

/proc/cpuinfo:
processor	: 0
vendor_id	: GenuineIntel
cpu family	: 6
model		: 23
model name	: Intel(R) Core(TM)2 Duo CPU     E8400  @ 3.00GHz
stepping	: 10
microcode	: 0xa0b
cpu MHz		: 3000.000
cache size	: 6144 KB
physical id	: 0
siblings	: 2
core id		: 0
cpu cores	: 2
apicid		: 0
initial apicid	: 0
fpu		: yes
fpu_exception	: yes
cpuid level	: 13
wp		: yes
flags		: fpu vme de pse tsc msr pae mce cx8 apic sep mtrr pge mca cmov pat pse36 clflush dts acpi mmx fxsr sse sse2 ss ht tm pbe syscall nx lm constant_tsc arch_perfmon pebs bts rep_good nopl aperfmperf pni dtes64 monitor ds_cpl vmx smx est tm2 ssse3 cx16 xtpr pdcm sse4_1 xsave lahf_lm kaiser tpr_shadow vnmi flexpriority dtherm
bugs		: cpu_meltdown spectre_v1 spectre_v2 spec_store_bypass l1tf
bogomips	: 5985.00
clflush size	: 64
cache_alignment	: 64
address sizes	: 36 bits physical, 48 bits virtual
power management:

processor	: 1
vendor_id	: GenuineIntel
cpu family	: 6
model		: 23
model name	: Intel(R) Core(TM)2 Duo CPU     E8400  @ 3.00GHz
stepping	: 10
microcode	: 0xa0b
cpu MHz		: 3000.000
cache size	: 6144 KB
physical id	: 0
siblings	: 2
core id		: 1
cpu cores	: 2
apicid		: 1
initial apicid	: 1
fpu		: yes
fpu_exception	: yes
cpuid level	: 13
wp		: yes
flags		: fpu vme de pse tsc msr pae mce cx8 apic sep mtrr pge mca cmov pat pse36 clflush dts acpi mmx fxsr sse sse2 ss ht tm pbe syscall nx lm constant_tsc arch_perfmon pebs bts rep_good nopl aperfmperf pni dtes64 monitor ds_cpl vmx smx est tm2 ssse3 cx16 xtpr pdcm sse4_1 xsave lahf_lm kaiser tpr_shadow vnmi flexpriority dtherm
bugs		: cpu_meltdown spectre_v1 spectre_v2 spec_store_bypass l1tf
bogomips	: 5985.00
clflush size	: 64
cache_alignment	: 64
address sizes	: 36 bits physical, 48 bits virtual
power management:



Memory: 4k page, physical 3879672k(107312k free), swap 4024316k(1797136k free)

vm_info: OpenJDK 64-Bit Server VM (25.222-b10) for linux-amd64 JRE (1.8.0_222-8u222-b10-1ubuntu1~16.04.1-b10), built on Jul 18 2019 20:25:18 by "buildd" with gcc 5.4.0 20160609

time: Wed Nov  6 11:50:33 2019
timezone: CET
elapsed time: 530 seconds (0d 0h 8m 50s)

